2017-07-26 12:12:05,605 [Worker-1] INFO  c.g.t.t.d.PublishedGradleVersions - Gradle version information cache is out-of-date. Trying to update.
2017-07-26 14:40:12,391 [Worker-18] INFO  o.e.m.c.i.e.AbstractTransferListenerAdapter - Downloading https://repo.maven.apache.org/maven2/org/springframework/boot/spring-boot-dependencies/1.5.3.RELEASE/spring-boot-dependencies-1.5.3.RELEASE.pom
2017-07-26 14:40:12,458 [Worker-18] INFO  o.e.m.c.i.e.AbstractTransferListenerAdapter - Downloaded https://repo.maven.apache.org/maven2/org/springframework/boot/spring-boot-dependencies/1.5.3.RELEASE/spring-boot-dependencies-1.5.3.RELEASE.pom
2017-07-26 14:40:12,511 [Worker-18] INFO  o.e.m.c.i.e.AbstractTransferListenerAdapter - Downloading https://repo.maven.apache.org/maven2/com/fasterxml/jackson/jackson-bom/2.8.8/jackson-bom-2.8.8.pom
2017-07-26 14:40:12,541 [Worker-18] INFO  o.e.m.c.i.e.AbstractTransferListenerAdapter - Downloaded https://repo.maven.apache.org/maven2/com/fasterxml/jackson/jackson-bom/2.8.8/jackson-bom-2.8.8.pom
2017-07-26 14:40:12,639 [Worker-18] INFO  o.e.m.c.i.e.AbstractTransferListenerAdapter - Downloading https://repo.maven.apache.org/maven2/org/springframework/spring-framework-bom/4.3.8.RELEASE/spring-framework-bom-4.3.8.RELEASE.pom
2017-07-26 14:40:12,681 [Worker-18] INFO  o.e.m.c.i.e.AbstractTransferListenerAdapter - Downloaded https://repo.maven.apache.org/maven2/org/springframework/spring-framework-bom/4.3.8.RELEASE/spring-framework-bom-4.3.8.RELEASE.pom
2017-07-26 14:40:12,699 [Worker-18] INFO  o.e.m.c.i.e.AbstractTransferListenerAdapter - Downloading https://repo.maven.apache.org/maven2/org/springframework/data/spring-data-releasetrain/Ingalls-SR3/spring-data-releasetrain-Ingalls-SR3.pom
2017-07-26 14:40:12,728 [Worker-18] INFO  o.e.m.c.i.e.AbstractTransferListenerAdapter - Downloaded https://repo.maven.apache.org/maven2/org/springframework/data/spring-data-releasetrain/Ingalls-SR3/spring-data-releasetrain-Ingalls-SR3.pom
2017-07-26 14:40:12,741 [Worker-18] INFO  o.e.m.c.i.e.AbstractTransferListenerAdapter - Downloading https://repo.maven.apache.org/maven2/org/springframework/data/build/spring-data-build/1.9.3.RELEASE/spring-data-build-1.9.3.RELEASE.pom
2017-07-26 14:40:12,764 [Worker-18] INFO  o.e.m.c.i.e.AbstractTransferListenerAdapter - Downloaded https://repo.maven.apache.org/maven2/org/springframework/data/build/spring-data-build/1.9.3.RELEASE/spring-data-build-1.9.3.RELEASE.pom
2017-07-26 14:40:12,780 [Worker-18] INFO  o.e.m.c.i.e.AbstractTransferListenerAdapter - Downloading https://repo.maven.apache.org/maven2/org/springframework/integration/spring-integration-bom/4.3.9.RELEASE/spring-integration-bom-4.3.9.RELEASE.pom
2017-07-26 14:40:12,801 [Worker-18] INFO  o.e.m.c.i.e.AbstractTransferListenerAdapter - Downloaded https://repo.maven.apache.org/maven2/org/springframework/integration/spring-integration-bom/4.3.9.RELEASE/spring-integration-bom-4.3.9.RELEASE.pom
2017-07-26 14:40:13,044 [Worker-18] INFO  o.e.m.c.i.l.LifecycleMappingFactory - Using NULL lifecycle mapping for MavenProject: com.tru:tru-sso:0.0.1-SNAPSHOT @ C:\TRU\SSO\CLS\cls_client\pom.xml.
2017-07-26 14:40:13,207 [Worker-18] INFO  o.e.m.c.i.e.AbstractTransferListenerAdapter - Downloading https://repo.maven.apache.org/maven2/org/apache/maven/plugins/maven-compiler-plugin/3.6.1/maven-compiler-plugin-3.6.1.jar
2017-07-26 14:40:13,257 [Worker-18] INFO  o.e.m.c.i.e.AbstractTransferListenerAdapter - Downloaded https://repo.maven.apache.org/maven2/org/apache/maven/plugins/maven-compiler-plugin/3.6.1/maven-compiler-plugin-3.6.1.jar
2017-07-26 14:40:13,582 [Worker-18] INFO  o.e.m.c.i.e.AbstractTransferListenerAdapter - Downloading https://repo.maven.apache.org/maven2/org/apache/maven/plugins/maven-compiler-plugin/3.6.1/maven-compiler-plugin-3.6.1.pom
2017-07-26 14:40:13,617 [Worker-18] INFO  o.e.m.c.i.e.AbstractTransferListenerAdapter - Downloaded https://repo.maven.apache.org/maven2/org/apache/maven/plugins/maven-compiler-plugin/3.6.1/maven-compiler-plugin-3.6.1.pom
2017-07-26 14:40:14,813 [Worker-18] INFO  o.e.m.c.i.e.AbstractTransferListenerAdapter - Downloading https://repo.maven.apache.org/maven2/com/thoughtworks/qdox/qdox/2.0-M5/qdox-2.0-M5.pom
2017-07-26 14:40:14,852 [Worker-18] INFO  o.e.m.c.i.e.AbstractTransferListenerAdapter - Downloaded https://repo.maven.apache.org/maven2/com/thoughtworks/qdox/qdox/2.0-M5/qdox-2.0-M5.pom
2017-07-26 14:40:15,076 [Worker-18] INFO  o.e.m.c.i.e.AbstractTransferListenerAdapter - Downloading https://repo.maven.apache.org/maven2/com/thoughtworks/qdox/qdox/2.0-M5/qdox-2.0-M5.jar
2017-07-26 14:40:15,134 [Worker-18] INFO  o.e.m.c.i.e.AbstractTransferListenerAdapter - Downloaded https://repo.maven.apache.org/maven2/com/thoughtworks/qdox/qdox/2.0-M5/qdox-2.0-M5.jar
2017-07-26 14:40:15,515 [Worker-18] INFO  o.e.m.c.i.l.LifecycleMappingFactory - Using org.eclipse.m2e.jdt.JarLifecycleMapping lifecycle mapping for MavenProject: com.tru:tru-sso-common:0.0.1-SNAPSHOT @ C:\TRU\SSO\CLS\cls_client\cls_common\pom.xml.
2017-07-26 14:40:15,546 [Worker-18] INFO  o.e.m.c.i.e.AbstractTransferListenerAdapter - Downloading https://repo.maven.apache.org/maven2/org/apache/commons/commons-text/1.0/commons-text-1.0.pom
2017-07-26 14:40:15,572 [Worker-18] INFO  o.e.m.c.i.e.AbstractTransferListenerAdapter - Downloaded https://repo.maven.apache.org/maven2/org/apache/commons/commons-text/1.0/commons-text-1.0.pom
2017-07-26 14:40:15,584 [Worker-18] INFO  o.e.m.c.i.e.AbstractTransferListenerAdapter - Downloading https://repo.maven.apache.org/maven2/org/apache/commons/commons-parent/42/commons-parent-42.pom
2017-07-26 14:40:15,616 [Worker-18] INFO  o.e.m.c.i.e.AbstractTransferListenerAdapter - Downloaded https://repo.maven.apache.org/maven2/org/apache/commons/commons-parent/42/commons-parent-42.pom
2017-07-26 14:40:15,749 [Worker-18] INFO  o.e.m.c.i.e.AbstractTransferListenerAdapter - Downloading https://repo.maven.apache.org/maven2/com/fasterxml/jackson/core/jackson-databind/2.8.8/jackson-databind-2.8.8.pom
2017-07-26 14:40:15,780 [Worker-18] INFO  o.e.m.c.i.e.AbstractTransferListenerAdapter - Downloaded https://repo.maven.apache.org/maven2/com/fasterxml/jackson/core/jackson-databind/2.8.8/jackson-databind-2.8.8.pom
2017-07-26 14:40:15,828 [Worker-18] INFO  o.e.m.c.i.e.AbstractTransferListenerAdapter - Downloading https://repo.maven.apache.org/maven2/com/fasterxml/jackson/core/jackson-core/2.8.8/jackson-core-2.8.8.pom
2017-07-26 14:40:15,873 [Worker-18] INFO  o.e.m.c.i.e.AbstractTransferListenerAdapter - Downloaded https://repo.maven.apache.org/maven2/com/fasterxml/jackson/core/jackson-core/2.8.8/jackson-core-2.8.8.pom
2017-07-26 14:40:15,901 [Worker-18] INFO  o.e.m.c.i.e.AbstractTransferListenerAdapter - Downloading https://repo.maven.apache.org/maven2/org/apache/commons/commons-text/1.0/commons-text-1.0.jar
2017-07-26 14:40:15,939 [Worker-18] INFO  o.e.m.c.i.e.AbstractTransferListenerAdapter - Downloaded https://repo.maven.apache.org/maven2/org/apache/commons/commons-text/1.0/commons-text-1.0.jar
2017-07-26 14:40:15,968 [Worker-18] INFO  o.e.m.c.i.e.AbstractTransferListenerAdapter - Downloading https://repo.maven.apache.org/maven2/com/fasterxml/jackson/core/jackson-databind/2.8.8/jackson-databind-2.8.8.jar
2017-07-26 14:40:16,123 [Worker-18] INFO  o.e.m.c.i.e.AbstractTransferListenerAdapter - Downloaded https://repo.maven.apache.org/maven2/com/fasterxml/jackson/core/jackson-databind/2.8.8/jackson-databind-2.8.8.jar
2017-07-26 14:40:16,139 [Worker-18] INFO  o.e.m.c.i.e.AbstractTransferListenerAdapter - Downloading https://repo.maven.apache.org/maven2/com/fasterxml/jackson/core/jackson-core/2.8.8/jackson-core-2.8.8.jar
2017-07-26 14:40:16,213 [Worker-18] INFO  o.e.m.c.i.e.AbstractTransferListenerAdapter - Downloaded https://repo.maven.apache.org/maven2/com/fasterxml/jackson/core/jackson-core/2.8.8/jackson-core-2.8.8.jar
2017-07-26 14:40:16,912 [Worker-18] INFO  o.e.m.c.i.l.LifecycleMappingFactory - Using org.eclipse.m2e.jdt.JarLifecycleMapping lifecycle mapping for MavenProject: com.tru:tru-sso-client-library:0.0.1-SNAPSHOT @ C:\TRU\SSO\CLS\cls_client\cls_client\pom.xml.
2017-07-26 14:40:16,979 [Worker-18] INFO  o.e.m.c.i.e.AbstractTransferListenerAdapter - Downloading https://repo.maven.apache.org/maven2/org/springframework/spring-context/4.3.8.RELEASE/spring-context-4.3.8.RELEASE.pom
2017-07-26 14:40:17,026 [Worker-18] INFO  o.e.m.c.i.e.AbstractTransferListenerAdapter - Downloaded https://repo.maven.apache.org/maven2/org/springframework/spring-context/4.3.8.RELEASE/spring-context-4.3.8.RELEASE.pom
2017-07-26 14:40:17,038 [Worker-18] INFO  o.e.m.c.i.e.AbstractTransferListenerAdapter - Downloading https://repo.maven.apache.org/maven2/org/springframework/spring-aop/4.3.8.RELEASE/spring-aop-4.3.8.RELEASE.pom
2017-07-26 14:40:17,059 [Worker-18] INFO  o.e.m.c.i.e.AbstractTransferListenerAdapter - Downloaded https://repo.maven.apache.org/maven2/org/springframework/spring-aop/4.3.8.RELEASE/spring-aop-4.3.8.RELEASE.pom
2017-07-26 14:40:17,233 [Worker-18] INFO  o.e.m.c.i.e.AbstractTransferListenerAdapter - Downloading https://repo.maven.apache.org/maven2/org/springframework/spring-beans/4.3.8.RELEASE/spring-beans-4.3.8.RELEASE.pom
2017-07-26 14:40:17,313 [Worker-18] INFO  o.e.m.c.i.e.AbstractTransferListenerAdapter - Downloaded https://repo.maven.apache.org/maven2/org/springframework/spring-beans/4.3.8.RELEASE/spring-beans-4.3.8.RELEASE.pom
2017-07-26 14:40:17,392 [Worker-18] INFO  o.e.m.c.i.e.AbstractTransferListenerAdapter - Downloading https://repo.maven.apache.org/maven2/org/springframework/spring-core/4.3.8.RELEASE/spring-core-4.3.8.RELEASE.pom
2017-07-26 14:40:17,414 [Worker-18] INFO  o.e.m.c.i.e.AbstractTransferListenerAdapter - Downloaded https://repo.maven.apache.org/maven2/org/springframework/spring-core/4.3.8.RELEASE/spring-core-4.3.8.RELEASE.pom
2017-07-26 14:40:17,447 [Worker-18] INFO  o.e.m.c.i.e.AbstractTransferListenerAdapter - Downloading https://repo.maven.apache.org/maven2/org/springframework/spring-expression/4.3.8.RELEASE/spring-expression-4.3.8.RELEASE.pom
2017-07-26 14:40:17,523 [Worker-18] INFO  o.e.m.c.i.e.AbstractTransferListenerAdapter - Downloaded https://repo.maven.apache.org/maven2/org/springframework/spring-expression/4.3.8.RELEASE/spring-expression-4.3.8.RELEASE.pom
2017-07-26 14:40:17,537 [Worker-18] INFO  o.e.m.c.i.e.AbstractTransferListenerAdapter - Downloading https://repo.maven.apache.org/maven2/org/projectlombok/lombok/1.16.16/lombok-1.16.16.pom
2017-07-26 14:40:17,556 [Worker-18] INFO  o.e.m.c.i.e.AbstractTransferListenerAdapter - Downloaded https://repo.maven.apache.org/maven2/org/projectlombok/lombok/1.16.16/lombok-1.16.16.pom
2017-07-26 14:40:17,569 [Worker-18] INFO  o.e.m.c.i.e.AbstractTransferListenerAdapter - Downloading https://repo.maven.apache.org/maven2/com/sun/jersey/jersey-client/1.19.4/jersey-client-1.19.4.pom
2017-07-26 14:40:17,593 [Worker-18] INFO  o.e.m.c.i.e.AbstractTransferListenerAdapter - Downloaded https://repo.maven.apache.org/maven2/com/sun/jersey/jersey-client/1.19.4/jersey-client-1.19.4.pom
2017-07-26 14:40:17,613 [Worker-18] INFO  o.e.m.c.i.e.AbstractTransferListenerAdapter - Downloading https://repo.maven.apache.org/maven2/com/sun/jersey/jersey-project/1.19.4/jersey-project-1.19.4.pom
2017-07-26 14:40:17,651 [Worker-18] INFO  o.e.m.c.i.e.AbstractTransferListenerAdapter - Downloaded https://repo.maven.apache.org/maven2/com/sun/jersey/jersey-project/1.19.4/jersey-project-1.19.4.pom
2017-07-26 14:40:17,674 [Worker-18] INFO  o.e.m.c.i.e.AbstractTransferListenerAdapter - Downloading https://repo.maven.apache.org/maven2/com/sun/jersey/jersey-core/1.19.4/jersey-core-1.19.4.pom
2017-07-26 14:40:17,702 [Worker-18] INFO  o.e.m.c.i.e.AbstractTransferListenerAdapter - Downloaded https://repo.maven.apache.org/maven2/com/sun/jersey/jersey-core/1.19.4/jersey-core-1.19.4.pom
2017-07-26 14:40:17,756 [Worker-18] INFO  o.e.m.c.i.e.AbstractTransferListenerAdapter - Downloading https://repo.maven.apache.org/maven2/com/sun/jersey/jersey-json/1.19.4/jersey-json-1.19.4.pom
2017-07-26 14:40:17,798 [Worker-18] INFO  o.e.m.c.i.e.AbstractTransferListenerAdapter - Downloaded https://repo.maven.apache.org/maven2/com/sun/jersey/jersey-json/1.19.4/jersey-json-1.19.4.pom
2017-07-26 14:40:17,819 [Worker-18] INFO  o.e.m.c.i.e.AbstractTransferListenerAdapter - Downloading https://repo.maven.apache.org/maven2/org/codehaus/jettison/jettison/1.1/jettison-1.1.pom
2017-07-26 14:40:17,847 [Worker-18] INFO  o.e.m.c.i.e.AbstractTransferListenerAdapter - Downloaded https://repo.maven.apache.org/maven2/org/codehaus/jettison/jettison/1.1/jettison-1.1.pom
2017-07-26 14:40:17,865 [Worker-18] INFO  o.e.m.c.i.e.AbstractTransferListenerAdapter - Downloading https://repo.maven.apache.org/maven2/com/sun/xml/bind/jaxb-impl/2.2.3-1/jaxb-impl-2.2.3-1.pom
2017-07-26 14:40:17,892 [Worker-18] INFO  o.e.m.c.i.e.AbstractTransferListenerAdapter - Downloaded https://repo.maven.apache.org/maven2/com/sun/xml/bind/jaxb-impl/2.2.3-1/jaxb-impl-2.2.3-1.pom
2017-07-26 14:40:17,906 [Worker-18] INFO  o.e.m.c.i.e.AbstractTransferListenerAdapter - Downloading https://repo.maven.apache.org/maven2/javax/xml/bind/jaxb-api/2.2.2/jaxb-api-2.2.2.pom
2017-07-26 14:40:17,951 [Worker-18] INFO  o.e.m.c.i.e.AbstractTransferListenerAdapter - Downloaded https://repo.maven.apache.org/maven2/javax/xml/bind/jaxb-api/2.2.2/jaxb-api-2.2.2.pom
2017-07-26 14:40:18,007 [Worker-18] INFO  o.e.m.c.i.e.AbstractTransferListenerAdapter - Downloading https://repo.maven.apache.org/maven2/org/codehaus/jackson/jackson-jaxrs/1.9.2/jackson-jaxrs-1.9.2.pom
2017-07-26 14:40:18,071 [Worker-18] INFO  o.e.m.c.i.e.AbstractTransferListenerAdapter - Downloaded https://repo.maven.apache.org/maven2/org/codehaus/jackson/jackson-jaxrs/1.9.2/jackson-jaxrs-1.9.2.pom
2017-07-26 14:40:18,108 [Worker-18] INFO  o.e.m.c.i.e.AbstractTransferListenerAdapter - Downloading https://repo.maven.apache.org/maven2/org/codehaus/jackson/jackson-xc/1.9.2/jackson-xc-1.9.2.pom
2017-07-26 14:40:18,176 [Worker-18] INFO  o.e.m.c.i.e.AbstractTransferListenerAdapter - Downloaded https://repo.maven.apache.org/maven2/org/codehaus/jackson/jackson-xc/1.9.2/jackson-xc-1.9.2.pom
2017-07-26 14:40:18,194 [Worker-18] INFO  o.e.m.c.i.e.AbstractTransferListenerAdapter - Downloading https://repo.maven.apache.org/maven2/com/fasterxml/jackson/datatype/jackson-datatype-jsr310/2.8.8/jackson-datatype-jsr310-2.8.8.pom
2017-07-26 14:40:18,217 [Worker-18] INFO  o.e.m.c.i.e.AbstractTransferListenerAdapter - Downloaded https://repo.maven.apache.org/maven2/com/fasterxml/jackson/datatype/jackson-datatype-jsr310/2.8.8/jackson-datatype-jsr310-2.8.8.pom
2017-07-26 14:40:18,229 [Worker-18] INFO  o.e.m.c.i.e.AbstractTransferListenerAdapter - Downloading https://repo.maven.apache.org/maven2/com/fasterxml/jackson/module/jackson-modules-java8/2.8.8/jackson-modules-java8-2.8.8.pom
2017-07-26 14:40:18,249 [Worker-18] INFO  o.e.m.c.i.e.AbstractTransferListenerAdapter - Downloaded https://repo.maven.apache.org/maven2/com/fasterxml/jackson/module/jackson-modules-java8/2.8.8/jackson-modules-java8-2.8.8.pom
2017-07-26 14:40:18,319 [Worker-18] INFO  o.e.m.c.i.e.AbstractTransferListenerAdapter - Downloading https://repo.maven.apache.org/maven2/org/slf4j/slf4j-api/1.7.16/slf4j-api-1.7.16.pom
2017-07-26 14:40:18,343 [Worker-18] INFO  o.e.m.c.i.e.AbstractTransferListenerAdapter - Downloaded https://repo.maven.apache.org/maven2/org/slf4j/slf4j-api/1.7.16/slf4j-api-1.7.16.pom
2017-07-26 14:40:18,546 [Worker-18] INFO  o.e.m.c.i.e.AbstractTransferListenerAdapter - Downloading https://repo.maven.apache.org/maven2/org/slf4j/slf4j-parent/1.7.16/slf4j-parent-1.7.16.pom
2017-07-26 14:40:18,569 [Worker-18] INFO  o.e.m.c.i.e.AbstractTransferListenerAdapter - Downloaded https://repo.maven.apache.org/maven2/org/slf4j/slf4j-parent/1.7.16/slf4j-parent-1.7.16.pom
2017-07-26 14:40:18,612 [Worker-18] INFO  o.e.m.c.i.e.AbstractTransferListenerAdapter - Downloading https://repo.maven.apache.org/maven2/org/assertj/assertj-core/3.8.0/assertj-core-3.8.0.pom
2017-07-26 14:40:18,637 [Worker-18] INFO  o.e.m.c.i.e.AbstractTransferListenerAdapter - Downloaded https://repo.maven.apache.org/maven2/org/assertj/assertj-core/3.8.0/assertj-core-3.8.0.pom
2017-07-26 14:40:18,649 [Worker-18] INFO  o.e.m.c.i.e.AbstractTransferListenerAdapter - Downloading https://repo.maven.apache.org/maven2/org/assertj/assertj-parent-pom/2.1.6/assertj-parent-pom-2.1.6.pom
2017-07-26 14:40:18,672 [Worker-18] INFO  o.e.m.c.i.e.AbstractTransferListenerAdapter - Downloaded https://repo.maven.apache.org/maven2/org/assertj/assertj-parent-pom/2.1.6/assertj-parent-pom-2.1.6.pom
2017-07-26 14:40:18,702 [Worker-18] INFO  o.e.m.c.i.e.AbstractTransferListenerAdapter - Downloading https://repo.maven.apache.org/maven2/org/springframework/spring-test/4.3.8.RELEASE/spring-test-4.3.8.RELEASE.pom
2017-07-26 14:40:18,725 [Worker-18] INFO  o.e.m.c.i.e.AbstractTransferListenerAdapter - Downloaded https://repo.maven.apache.org/maven2/org/springframework/spring-test/4.3.8.RELEASE/spring-test-4.3.8.RELEASE.pom
2017-07-26 14:40:18,744 [Worker-18] INFO  o.e.m.c.i.e.AbstractTransferListenerAdapter - Downloading https://repo.maven.apache.org/maven2/org/springframework/boot/spring-boot-test/1.5.3.RELEASE/spring-boot-test-1.5.3.RELEASE.pom
2017-07-26 14:40:18,766 [Worker-18] INFO  o.e.m.c.i.e.AbstractTransferListenerAdapter - Downloaded https://repo.maven.apache.org/maven2/org/springframework/boot/spring-boot-test/1.5.3.RELEASE/spring-boot-test-1.5.3.RELEASE.pom
2017-07-26 14:40:18,846 [Worker-18] INFO  o.e.m.c.i.e.AbstractTransferListenerAdapter - Downloading https://repo.maven.apache.org/maven2/org/springframework/boot/spring-boot-parent/1.5.3.RELEASE/spring-boot-parent-1.5.3.RELEASE.pom
2017-07-26 14:40:18,893 [Worker-18] INFO  o.e.m.c.i.e.AbstractTransferListenerAdapter - Downloaded https://repo.maven.apache.org/maven2/org/springframework/boot/spring-boot-parent/1.5.3.RELEASE/spring-boot-parent-1.5.3.RELEASE.pom
2017-07-26 14:40:18,922 [Worker-18] INFO  o.e.m.c.i.e.AbstractTransferListenerAdapter - Downloading https://repo.maven.apache.org/maven2/org/springframework/boot/spring-boot/1.5.3.RELEASE/spring-boot-1.5.3.RELEASE.pom
2017-07-26 14:40:18,947 [Worker-18] INFO  o.e.m.c.i.e.AbstractTransferListenerAdapter - Downloaded https://repo.maven.apache.org/maven2/org/springframework/boot/spring-boot/1.5.3.RELEASE/spring-boot-1.5.3.RELEASE.pom
2017-07-26 14:40:18,973 [Worker-18] INFO  o.e.m.c.i.e.AbstractTransferListenerAdapter - Downloading https://repo.maven.apache.org/maven2/org/mybatis/spring/boot/mybatis-spring-boot-starter/1.3.0/mybatis-spring-boot-starter-1.3.0.pom
2017-07-26 14:40:19,032 [Worker-18] INFO  o.e.m.c.i.e.AbstractTransferListenerAdapter - Downloaded https://repo.maven.apache.org/maven2/org/mybatis/spring/boot/mybatis-spring-boot-starter/1.3.0/mybatis-spring-boot-starter-1.3.0.pom
2017-07-26 14:40:19,067 [Worker-18] INFO  o.e.m.c.i.e.AbstractTransferListenerAdapter - Downloading https://repo.maven.apache.org/maven2/org/mybatis/spring/boot/mybatis-spring-boot/1.3.0/mybatis-spring-boot-1.3.0.pom
2017-07-26 14:40:19,105 [Worker-18] INFO  o.e.m.c.i.e.AbstractTransferListenerAdapter - Downloaded https://repo.maven.apache.org/maven2/org/mybatis/spring/boot/mybatis-spring-boot/1.3.0/mybatis-spring-boot-1.3.0.pom
2017-07-26 14:40:19,122 [Worker-18] INFO  o.e.m.c.i.e.AbstractTransferListenerAdapter - Downloading https://repo.maven.apache.org/maven2/org/mybatis/mybatis-parent/28/mybatis-parent-28.pom
2017-07-26 14:40:19,152 [Worker-18] INFO  o.e.m.c.i.e.AbstractTransferListenerAdapter - Downloaded https://repo.maven.apache.org/maven2/org/mybatis/mybatis-parent/28/mybatis-parent-28.pom
2017-07-26 14:40:19,343 [Worker-18] INFO  o.e.m.c.i.e.AbstractTransferListenerAdapter - Downloading https://repo.maven.apache.org/maven2/org/slf4j/slf4j-api/1.7.22/slf4j-api-1.7.22.pom
2017-07-26 14:40:19,364 [Worker-18] INFO  o.e.m.c.i.e.AbstractTransferListenerAdapter - Downloaded https://repo.maven.apache.org/maven2/org/slf4j/slf4j-api/1.7.22/slf4j-api-1.7.22.pom
2017-07-26 14:40:19,396 [Worker-18] INFO  o.e.m.c.i.e.AbstractTransferListenerAdapter - Downloading https://repo.maven.apache.org/maven2/org/slf4j/slf4j-parent/1.7.22/slf4j-parent-1.7.22.pom
2017-07-26 14:40:19,427 [Worker-18] INFO  o.e.m.c.i.e.AbstractTransferListenerAdapter - Downloaded https://repo.maven.apache.org/maven2/org/slf4j/slf4j-parent/1.7.22/slf4j-parent-1.7.22.pom
2017-07-26 14:40:19,537 [Worker-18] INFO  o.e.m.c.i.e.AbstractTransferListenerAdapter - Downloading https://repo.maven.apache.org/maven2/org/mybatis/spring/boot/mybatis-spring-boot-autoconfigure/1.3.0/mybatis-spring-boot-autoconfigure-1.3.0.pom
2017-07-26 14:40:19,559 [Worker-18] INFO  o.e.m.c.i.e.AbstractTransferListenerAdapter - Downloaded https://repo.maven.apache.org/maven2/org/mybatis/spring/boot/mybatis-spring-boot-autoconfigure/1.3.0/mybatis-spring-boot-autoconfigure-1.3.0.pom
2017-07-26 14:40:19,579 [Worker-18] INFO  o.e.m.c.i.e.AbstractTransferListenerAdapter - Downloading https://repo.maven.apache.org/maven2/org/mybatis/mybatis/3.4.4/mybatis-3.4.4.pom
2017-07-26 14:40:19,603 [Worker-18] INFO  o.e.m.c.i.e.AbstractTransferListenerAdapter - Downloaded https://repo.maven.apache.org/maven2/org/mybatis/mybatis/3.4.4/mybatis-3.4.4.pom
2017-07-26 14:40:19,626 [Worker-18] INFO  o.e.m.c.i.e.AbstractTransferListenerAdapter - Downloading https://repo.maven.apache.org/maven2/org/mybatis/mybatis-spring/1.3.1/mybatis-spring-1.3.1.pom
2017-07-26 14:40:19,650 [Worker-18] INFO  o.e.m.c.i.e.AbstractTransferListenerAdapter - Downloaded https://repo.maven.apache.org/maven2/org/mybatis/mybatis-spring/1.3.1/mybatis-spring-1.3.1.pom
2017-07-26 14:40:19,713 [Worker-18] INFO  o.e.m.c.i.e.AbstractTransferListenerAdapter - Downloading https://repo.maven.apache.org/maven2/org/springframework/boot/spring-boot-test-autoconfigure/1.5.3.RELEASE/spring-boot-test-autoconfigure-1.5.3.RELEASE.pom
2017-07-26 14:40:19,829 [Worker-18] INFO  o.e.m.c.i.e.AbstractTransferListenerAdapter - Downloaded https://repo.maven.apache.org/maven2/org/springframework/boot/spring-boot-test-autoconfigure/1.5.3.RELEASE/spring-boot-test-autoconfigure-1.5.3.RELEASE.pom
2017-07-26 14:40:19,897 [Worker-18] INFO  o.e.m.c.i.e.AbstractTransferListenerAdapter - Downloading https://repo.maven.apache.org/maven2/org/springframework/boot/spring-boot-autoconfigure/1.5.3.RELEASE/spring-boot-autoconfigure-1.5.3.RELEASE.pom
2017-07-26 14:40:20,008 [Worker-18] INFO  o.e.m.c.i.e.AbstractTransferListenerAdapter - Downloaded https://repo.maven.apache.org/maven2/org/springframework/boot/spring-boot-autoconfigure/1.5.3.RELEASE/spring-boot-autoconfigure-1.5.3.RELEASE.pom
2017-07-26 14:40:20,034 [Worker-18] INFO  o.e.m.c.i.e.AbstractTransferListenerAdapter - Downloading https://repo.maven.apache.org/maven2/org/springframework/spring-web/4.3.8.RELEASE/spring-web-4.3.8.RELEASE.pom
2017-07-26 14:40:20,064 [Worker-18] INFO  o.e.m.c.i.e.AbstractTransferListenerAdapter - Downloaded https://repo.maven.apache.org/maven2/org/springframework/spring-web/4.3.8.RELEASE/spring-web-4.3.8.RELEASE.pom
2017-07-26 14:40:20,298 [Worker-18] INFO  o.e.m.c.i.e.AbstractTransferListenerAdapter - Downloading https://repo.maven.apache.org/maven2/org/apache/tomcat/embed/tomcat-embed-core/9.0.0.M21/tomcat-embed-core-9.0.0.M21.pom
2017-07-26 14:40:20,359 [Worker-18] INFO  o.e.m.c.i.e.AbstractTransferListenerAdapter - Downloaded https://repo.maven.apache.org/maven2/org/apache/tomcat/embed/tomcat-embed-core/9.0.0.M21/tomcat-embed-core-9.0.0.M21.pom
2017-07-26 14:40:20,492 [Worker-18] INFO  o.e.m.c.i.e.AbstractTransferListenerAdapter - Downloading https://repo.maven.apache.org/maven2/org/springframework/spring-context/4.3.8.RELEASE/spring-context-4.3.8.RELEASE.jar
2017-07-26 14:40:20,626 [Worker-18] INFO  o.e.m.c.i.e.AbstractTransferListenerAdapter - Downloaded https://repo.maven.apache.org/maven2/org/springframework/spring-context/4.3.8.RELEASE/spring-context-4.3.8.RELEASE.jar
2017-07-26 14:40:20,637 [Worker-18] INFO  o.e.m.c.i.e.AbstractTransferListenerAdapter - Downloading https://repo.maven.apache.org/maven2/org/springframework/spring-aop/4.3.8.RELEASE/spring-aop-4.3.8.RELEASE.jar
2017-07-26 14:40:20,700 [Worker-18] INFO  o.e.m.c.i.e.AbstractTransferListenerAdapter - Downloaded https://repo.maven.apache.org/maven2/org/springframework/spring-aop/4.3.8.RELEASE/spring-aop-4.3.8.RELEASE.jar
2017-07-26 14:40:20,711 [Worker-18] INFO  o.e.m.c.i.e.AbstractTransferListenerAdapter - Downloading https://repo.maven.apache.org/maven2/org/springframework/spring-beans/4.3.8.RELEASE/spring-beans-4.3.8.RELEASE.jar
2017-07-26 14:40:20,811 [Worker-18] INFO  o.e.m.c.i.e.AbstractTransferListenerAdapter - Downloaded https://repo.maven.apache.org/maven2/org/springframework/spring-beans/4.3.8.RELEASE/spring-beans-4.3.8.RELEASE.jar
2017-07-26 14:40:20,822 [Worker-18] INFO  o.e.m.c.i.e.AbstractTransferListenerAdapter - Downloading https://repo.maven.apache.org/maven2/org/springframework/spring-core/4.3.8.RELEASE/spring-core-4.3.8.RELEASE.jar
2017-07-26 14:40:21,318 [Worker-18] INFO  o.e.m.c.i.e.AbstractTransferListenerAdapter - Downloaded https://repo.maven.apache.org/maven2/org/springframework/spring-core/4.3.8.RELEASE/spring-core-4.3.8.RELEASE.jar
2017-07-26 14:40:21,328 [Worker-18] INFO  o.e.m.c.i.e.AbstractTransferListenerAdapter - Downloading https://repo.maven.apache.org/maven2/org/springframework/spring-expression/4.3.8.RELEASE/spring-expression-4.3.8.RELEASE.jar
2017-07-26 14:40:21,379 [Worker-18] INFO  o.e.m.c.i.e.AbstractTransferListenerAdapter - Downloaded https://repo.maven.apache.org/maven2/org/springframework/spring-expression/4.3.8.RELEASE/spring-expression-4.3.8.RELEASE.jar
2017-07-26 14:40:21,388 [Worker-18] INFO  o.e.m.c.i.e.AbstractTransferListenerAdapter - Downloading https://repo.maven.apache.org/maven2/org/projectlombok/lombok/1.16.16/lombok-1.16.16.jar
2017-07-26 14:40:21,584 [Worker-18] INFO  o.e.m.c.i.e.AbstractTransferListenerAdapter - Downloaded https://repo.maven.apache.org/maven2/org/projectlombok/lombok/1.16.16/lombok-1.16.16.jar
2017-07-26 14:40:21,594 [Worker-18] INFO  o.e.m.c.i.e.AbstractTransferListenerAdapter - Downloading https://repo.maven.apache.org/maven2/com/sun/jersey/jersey-client/1.19.4/jersey-client-1.19.4.jar
2017-07-26 14:40:21,624 [Worker-18] INFO  o.e.m.c.i.e.AbstractTransferListenerAdapter - Downloaded https://repo.maven.apache.org/maven2/com/sun/jersey/jersey-client/1.19.4/jersey-client-1.19.4.jar
2017-07-26 14:40:21,643 [Worker-18] INFO  o.e.m.c.i.e.AbstractTransferListenerAdapter - Downloading https://repo.maven.apache.org/maven2/com/sun/jersey/jersey-core/1.19.4/jersey-core-1.19.4.jar
2017-07-26 14:40:21,706 [Worker-18] INFO  o.e.m.c.i.e.AbstractTransferListenerAdapter - Downloaded https://repo.maven.apache.org/maven2/com/sun/jersey/jersey-core/1.19.4/jersey-core-1.19.4.jar
2017-07-26 14:40:21,719 [Worker-18] INFO  o.e.m.c.i.e.AbstractTransferListenerAdapter - Downloading https://repo.maven.apache.org/maven2/com/sun/jersey/jersey-json/1.19.4/jersey-json-1.19.4.jar
2017-07-26 14:40:21,758 [Worker-18] INFO  o.e.m.c.i.e.AbstractTransferListenerAdapter - Downloaded https://repo.maven.apache.org/maven2/com/sun/jersey/jersey-json/1.19.4/jersey-json-1.19.4.jar
2017-07-26 14:40:21,766 [Worker-18] INFO  o.e.m.c.i.e.AbstractTransferListenerAdapter - Downloading https://repo.maven.apache.org/maven2/org/codehaus/jettison/jettison/1.1/jettison-1.1.jar
2017-07-26 14:40:21,791 [Worker-18] INFO  o.e.m.c.i.e.AbstractTransferListenerAdapter - Downloaded https://repo.maven.apache.org/maven2/org/codehaus/jettison/jettison/1.1/jettison-1.1.jar
2017-07-26 14:40:21,807 [Worker-18] INFO  o.e.m.c.i.e.AbstractTransferListenerAdapter - Downloading https://repo.maven.apache.org/maven2/com/sun/xml/bind/jaxb-impl/2.2.3-1/jaxb-impl-2.2.3-1.jar
2017-07-26 14:40:21,914 [Worker-18] INFO  o.e.m.c.i.e.AbstractTransferListenerAdapter - Downloaded https://repo.maven.apache.org/maven2/com/sun/xml/bind/jaxb-impl/2.2.3-1/jaxb-impl-2.2.3-1.jar
2017-07-26 14:40:21,922 [Worker-18] INFO  o.e.m.c.i.e.AbstractTransferListenerAdapter - Downloading https://repo.maven.apache.org/maven2/javax/xml/bind/jaxb-api/2.2.2/jaxb-api-2.2.2.jar
2017-07-26 14:40:21,953 [Worker-18] INFO  o.e.m.c.i.e.AbstractTransferListenerAdapter - Downloaded https://repo.maven.apache.org/maven2/javax/xml/bind/jaxb-api/2.2.2/jaxb-api-2.2.2.jar
2017-07-26 14:40:21,979 [Worker-18] INFO  o.e.m.c.i.e.AbstractTransferListenerAdapter - Downloading https://repo.maven.apache.org/maven2/org/codehaus/jackson/jackson-jaxrs/1.9.2/jackson-jaxrs-1.9.2.jar
2017-07-26 14:40:22,003 [Worker-18] INFO  o.e.m.c.i.e.AbstractTransferListenerAdapter - Downloaded https://repo.maven.apache.org/maven2/org/codehaus/jackson/jackson-jaxrs/1.9.2/jackson-jaxrs-1.9.2.jar
2017-07-26 14:40:22,009 [Worker-18] INFO  o.e.m.c.i.e.AbstractTransferListenerAdapter - Downloading https://repo.maven.apache.org/maven2/org/codehaus/jackson/jackson-xc/1.9.2/jackson-xc-1.9.2.jar
2017-07-26 14:40:22,030 [Worker-18] INFO  o.e.m.c.i.e.AbstractTransferListenerAdapter - Downloaded https://repo.maven.apache.org/maven2/org/codehaus/jackson/jackson-xc/1.9.2/jackson-xc-1.9.2.jar
2017-07-26 14:40:22,044 [Worker-18] INFO  o.e.m.c.i.e.AbstractTransferListenerAdapter - Downloading https://repo.maven.apache.org/maven2/com/fasterxml/jackson/datatype/jackson-datatype-jsr310/2.8.8/jackson-datatype-jsr310-2.8.8.jar
2017-07-26 14:40:22,376 [Worker-18] INFO  o.e.m.c.i.e.AbstractTransferListenerAdapter - Downloaded https://repo.maven.apache.org/maven2/com/fasterxml/jackson/datatype/jackson-datatype-jsr310/2.8.8/jackson-datatype-jsr310-2.8.8.jar
2017-07-26 14:40:22,384 [Worker-18] INFO  o.e.m.c.i.e.AbstractTransferListenerAdapter - Downloading https://repo.maven.apache.org/maven2/org/slf4j/slf4j-api/1.7.16/slf4j-api-1.7.16.jar
2017-07-26 14:40:22,407 [Worker-18] INFO  o.e.m.c.i.e.AbstractTransferListenerAdapter - Downloaded https://repo.maven.apache.org/maven2/org/slf4j/slf4j-api/1.7.16/slf4j-api-1.7.16.jar
2017-07-26 14:40:22,416 [Worker-18] INFO  o.e.m.c.i.e.AbstractTransferListenerAdapter - Downloading https://repo.maven.apache.org/maven2/org/assertj/assertj-core/3.8.0/assertj-core-3.8.0.jar
2017-07-26 14:40:22,565 [Worker-18] INFO  o.e.m.c.i.e.AbstractTransferListenerAdapter - Downloaded https://repo.maven.apache.org/maven2/org/assertj/assertj-core/3.8.0/assertj-core-3.8.0.jar
2017-07-26 14:40:22,574 [Worker-18] INFO  o.e.m.c.i.e.AbstractTransferListenerAdapter - Downloading https://repo.maven.apache.org/maven2/org/springframework/spring-test/4.3.8.RELEASE/spring-test-4.3.8.RELEASE.jar
2017-07-26 14:40:22,655 [Worker-18] INFO  o.e.m.c.i.e.AbstractTransferListenerAdapter - Downloaded https://repo.maven.apache.org/maven2/org/springframework/spring-test/4.3.8.RELEASE/spring-test-4.3.8.RELEASE.jar
2017-07-26 14:40:22,665 [Worker-18] INFO  o.e.m.c.i.e.AbstractTransferListenerAdapter - Downloading https://repo.maven.apache.org/maven2/org/springframework/boot/spring-boot-test/1.5.3.RELEASE/spring-boot-test-1.5.3.RELEASE.jar
2017-07-26 14:40:22,697 [Worker-18] INFO  o.e.m.c.i.e.AbstractTransferListenerAdapter - Downloaded https://repo.maven.apache.org/maven2/org/springframework/boot/spring-boot-test/1.5.3.RELEASE/spring-boot-test-1.5.3.RELEASE.jar
2017-07-26 14:40:22,703 [Worker-18] INFO  o.e.m.c.i.e.AbstractTransferListenerAdapter - Downloading https://repo.maven.apache.org/maven2/org/mybatis/spring/boot/mybatis-spring-boot-starter/1.3.0/mybatis-spring-boot-starter-1.3.0.jar
2017-07-26 14:40:22,723 [Worker-18] INFO  o.e.m.c.i.e.AbstractTransferListenerAdapter - Downloaded https://repo.maven.apache.org/maven2/org/mybatis/spring/boot/mybatis-spring-boot-starter/1.3.0/mybatis-spring-boot-starter-1.3.0.jar
2017-07-26 14:40:22,731 [Worker-18] INFO  o.e.m.c.i.e.AbstractTransferListenerAdapter - Downloading https://repo.maven.apache.org/maven2/org/mybatis/spring/boot/mybatis-spring-boot-autoconfigure/1.3.0/mybatis-spring-boot-autoconfigure-1.3.0.jar
2017-07-26 14:40:22,759 [Worker-18] INFO  o.e.m.c.i.e.AbstractTransferListenerAdapter - Downloaded https://repo.maven.apache.org/maven2/org/mybatis/spring/boot/mybatis-spring-boot-autoconfigure/1.3.0/mybatis-spring-boot-autoconfigure-1.3.0.jar
2017-07-26 14:40:22,771 [Worker-18] INFO  o.e.m.c.i.e.AbstractTransferListenerAdapter - Downloading https://repo.maven.apache.org/maven2/org/mybatis/mybatis-spring/1.3.1/mybatis-spring-1.3.1.jar
2017-07-26 14:40:22,802 [Worker-18] INFO  o.e.m.c.i.e.AbstractTransferListenerAdapter - Downloaded https://repo.maven.apache.org/maven2/org/mybatis/mybatis-spring/1.3.1/mybatis-spring-1.3.1.jar
2017-07-26 14:40:22,813 [Worker-18] INFO  o.e.m.c.i.e.AbstractTransferListenerAdapter - Downloading https://repo.maven.apache.org/maven2/org/springframework/boot/spring-boot/1.5.3.RELEASE/spring-boot-1.5.3.RELEASE.jar
2017-07-26 14:40:22,898 [Worker-18] INFO  o.e.m.c.i.e.AbstractTransferListenerAdapter - Downloaded https://repo.maven.apache.org/maven2/org/springframework/boot/spring-boot/1.5.3.RELEASE/spring-boot-1.5.3.RELEASE.jar
2017-07-26 14:40:22,908 [Worker-18] INFO  o.e.m.c.i.e.AbstractTransferListenerAdapter - Downloading https://repo.maven.apache.org/maven2/org/springframework/boot/spring-boot-test-autoconfigure/1.5.3.RELEASE/spring-boot-test-autoconfigure-1.5.3.RELEASE.jar
2017-07-26 14:40:22,949 [Worker-18] INFO  o.e.m.c.i.e.AbstractTransferListenerAdapter - Downloaded https://repo.maven.apache.org/maven2/org/springframework/boot/spring-boot-test-autoconfigure/1.5.3.RELEASE/spring-boot-test-autoconfigure-1.5.3.RELEASE.jar
2017-07-26 14:40:22,965 [Worker-18] INFO  o.e.m.c.i.e.AbstractTransferListenerAdapter - Downloading https://repo.maven.apache.org/maven2/org/springframework/boot/spring-boot-autoconfigure/1.5.3.RELEASE/spring-boot-autoconfigure-1.5.3.RELEASE.jar
2017-07-26 14:40:23,114 [Worker-18] INFO  o.e.m.c.i.e.AbstractTransferListenerAdapter - Downloaded https://repo.maven.apache.org/maven2/org/springframework/boot/spring-boot-autoconfigure/1.5.3.RELEASE/spring-boot-autoconfigure-1.5.3.RELEASE.jar
2017-07-26 14:40:23,142 [Worker-18] INFO  o.e.m.c.i.e.AbstractTransferListenerAdapter - Downloading https://repo.maven.apache.org/maven2/org/mybatis/mybatis/3.4.4/mybatis-3.4.4.jar
2017-07-26 14:40:23,339 [Worker-18] INFO  o.e.m.c.i.e.AbstractTransferListenerAdapter - Downloaded https://repo.maven.apache.org/maven2/org/mybatis/mybatis/3.4.4/mybatis-3.4.4.jar
2017-07-26 14:40:23,355 [Worker-18] INFO  o.e.m.c.i.e.AbstractTransferListenerAdapter - Downloading https://repo.maven.apache.org/maven2/org/springframework/spring-web/4.3.8.RELEASE/spring-web-4.3.8.RELEASE.jar
2017-07-26 14:40:23,453 [Worker-18] INFO  o.e.m.c.i.e.AbstractTransferListenerAdapter - Downloaded https://repo.maven.apache.org/maven2/org/springframework/spring-web/4.3.8.RELEASE/spring-web-4.3.8.RELEASE.jar
2017-07-26 14:40:23,466 [Worker-18] INFO  o.e.m.c.i.e.AbstractTransferListenerAdapter - Downloading https://repo.maven.apache.org/maven2/com/google/guava/guava/15.0/guava-15.0.jar
2017-07-26 14:40:23,704 [Worker-18] INFO  o.e.m.c.i.e.AbstractTransferListenerAdapter - Downloaded https://repo.maven.apache.org/maven2/com/google/guava/guava/15.0/guava-15.0.jar
2017-07-26 14:40:24,062 [Worker-18] INFO  o.e.m.c.i.e.AbstractTransferListenerAdapter - Downloading https://repo.maven.apache.org/maven2/org/apache/tomcat/embed/tomcat-embed-core/9.0.0.M21/tomcat-embed-core-9.0.0.M21.jar
2017-07-26 14:40:24,403 [Worker-18] INFO  o.e.m.c.i.e.AbstractTransferListenerAdapter - Downloaded https://repo.maven.apache.org/maven2/org/apache/tomcat/embed/tomcat-embed-core/9.0.0.M21/tomcat-embed-core-9.0.0.M21.jar
2017-07-26 14:40:28,324 [Worker-18] INFO  o.e.m.j.i.AbstractJavaProjectConfigurator - Adding source folder /tru-sso-common/src/main/java
2017-07-26 14:40:28,328 [Worker-18] INFO  o.e.m.j.i.AbstractJavaProjectConfigurator - Adding source folder /tru-sso-common/src/test/java
2017-07-26 14:40:28,429 [Worker-18] INFO  o.e.m.j.i.AbstractJavaProjectConfigurator - Adding source folder /tru-sso-client-library/src/main/java
2017-07-26 14:40:28,430 [Worker-18] INFO  o.e.m.j.i.AbstractJavaProjectConfigurator - Adding source folder /tru-sso-client-library/src/test/java
2017-07-26 14:40:28,430 [Worker-18] INFO  o.e.m.j.i.AbstractJavaProjectConfigurator - Adding resource folder /tru-sso-client-library/src/test/resources
2017-07-26 14:40:28,596 [Worker-18] INFO  o.e.m.c.i.p.ProjectConfigurationManager - Imported and configured 3 project(s) in 17 sec
2017-07-26 14:40:29,952 [Worker-19] INFO  o.e.m.c.i.embedder.EclipseLogger - Using 'UTF-8' encoding to copy filtered resources.
2017-07-26 14:40:29,952 [Worker-19] INFO  o.e.m.c.i.embedder.EclipseLogger - skip non existing resourceDirectory C:\TRU\SSO\CLS\cls_client\cls_common\src\main\resources
2017-07-26 14:40:29,954 [Worker-19] INFO  o.e.m.c.i.embedder.EclipseLogger - Using 'UTF-8' encoding to copy filtered resources.
2017-07-26 14:40:29,955 [Worker-19] INFO  o.e.m.c.i.embedder.EclipseLogger - skip non existing resourceDirectory C:\TRU\SSO\CLS\cls_client\cls_common\src\test\resources
2017-07-26 14:40:31,540 [Worker-19] INFO  o.e.m.c.i.embedder.EclipseLogger - Using 'UTF-8' encoding to copy filtered resources.
2017-07-26 14:40:31,540 [Worker-19] INFO  o.e.m.c.i.embedder.EclipseLogger - skip non existing resourceDirectory C:\TRU\SSO\CLS\cls_client\cls_client\src\main\resources
2017-07-26 14:40:31,542 [Worker-19] INFO  o.e.m.c.i.embedder.EclipseLogger - Using 'UTF-8' encoding to copy filtered resources.
2017-07-26 14:40:31,547 [Worker-19] INFO  o.e.m.c.i.embedder.EclipseLogger - Copying 1 resource
2017-07-26 14:47:06,428 [Worker-22] INFO  o.e.m.c.i.l.LifecycleMappingFactory - Using NULL lifecycle mapping for MavenProject: com.tru:tru-sso:0.0.1-SNAPSHOT @ C:\TRU\SSO\CLS\cls_client\pom.xml.
2017-07-26 14:47:18,933 [Worker-22] INFO  o.e.m.i.launch.MavenLaunchDelegate - C:\TRU\SSO\CLS\cls_client
2017-07-26 14:47:18,934 [Worker-22] INFO  o.e.m.i.launch.MavenLaunchDelegate -  mvn -B test
2017-07-26 14:50:07,730 [Worker-22] INFO  o.e.m.i.launch.MavenLaunchDelegate - C:\TRU\SSO\CLS\cls_client
2017-07-26 14:50:07,786 [Worker-22] INFO  o.e.m.i.launch.MavenLaunchDelegate -  mvn -B test
2017-07-26 15:10:15,560 [Worker-26] INFO  o.e.m.i.launch.MavenLaunchDelegate - C:\TRU\SSO\CLS\cls_client
2017-07-26 15:10:15,561 [Worker-26] INFO  o.e.m.i.launch.MavenLaunchDelegate -  mvn -B test
2017-07-26 15:12:27,180 [Worker-31] INFO  o.e.m.i.launch.MavenLaunchDelegate - C:\TRU\SSO\CLS\cls_client
2017-07-26 15:12:27,180 [Worker-31] INFO  o.e.m.i.launch.MavenLaunchDelegate -  mvn -B test
2017-07-26 15:26:27,821 [Worker-28] INFO  o.e.m.i.launch.MavenLaunchDelegate - C:\TRU\SSO\CLS\cls_client
2017-07-26 15:26:27,822 [Worker-28] INFO  o.e.m.i.launch.MavenLaunchDelegate -  mvn -B test
2017-07-26 15:34:49,394 [Worker-27] INFO  o.e.m.i.launch.MavenLaunchDelegate - C:\TRU\SSO\CLS\cls_client
2017-07-26 15:34:49,395 [Worker-27] INFO  o.e.m.i.launch.MavenLaunchDelegate -  mvn -B test
2017-07-26 15:45:32,245 [Worker-47] INFO  o.e.m.c.i.p.ProjectConfigurationManager - Update started
2017-07-26 15:45:32,625 [Worker-47] INFO  o.e.m.c.i.e.AbstractTransferListenerAdapter - Downloading https://repo.maven.apache.org/maven2/org/springframework/boot/spring-boot-maven-plugin/1.5.3.RELEASE/spring-boot-maven-plugin-1.5.3.RELEASE.pom
2017-07-26 15:45:32,657 [Worker-47] INFO  o.e.m.c.i.e.AbstractTransferListenerAdapter - Downloaded https://repo.maven.apache.org/maven2/org/springframework/boot/spring-boot-maven-plugin/1.5.3.RELEASE/spring-boot-maven-plugin-1.5.3.RELEASE.pom
2017-07-26 15:45:32,677 [Worker-47] INFO  o.e.m.c.i.e.AbstractTransferListenerAdapter - Downloading https://repo.maven.apache.org/maven2/org/springframework/boot/spring-boot-tools/1.5.3.RELEASE/spring-boot-tools-1.5.3.RELEASE.pom
2017-07-26 15:45:32,706 [Worker-47] INFO  o.e.m.c.i.e.AbstractTransferListenerAdapter - Downloaded https://repo.maven.apache.org/maven2/org/springframework/boot/spring-boot-tools/1.5.3.RELEASE/spring-boot-tools-1.5.3.RELEASE.pom
2017-07-26 15:45:32,879 [Worker-47] INFO  o.e.m.c.i.e.AbstractTransferListenerAdapter - Downloading https://repo.maven.apache.org/maven2/org/springframework/boot/spring-boot-maven-plugin/1.5.3.RELEASE/spring-boot-maven-plugin-1.5.3.RELEASE.jar
2017-07-26 15:45:32,940 [Worker-47] INFO  o.e.m.c.i.e.AbstractTransferListenerAdapter - Downloaded https://repo.maven.apache.org/maven2/org/springframework/boot/spring-boot-maven-plugin/1.5.3.RELEASE/spring-boot-maven-plugin-1.5.3.RELEASE.jar
2017-07-26 15:45:33,534 [Worker-47] INFO  o.e.m.c.i.l.LifecycleMappingFactory - Using org.eclipse.m2e.jdt.JarLifecycleMapping lifecycle mapping for MavenProject: com.tru:tru-sso-client-mock-server:0.0.1-SNAPSHOT @ C:\TRU\TRUDev\GIT_TRU_SSO\SSO\client_mock_server\pom.xml.
2017-07-26 15:45:33,547 [Worker-47] WARN  o.e.m.c.i.embedder.EclipseLogger - The POM for com.tru:tru-sso-common:jar:0.0.1-SNAPSHOT is missing, no dependency information available
2017-07-26 15:45:33,655 [Worker-47] INFO  o.e.m.c.i.e.AbstractTransferListenerAdapter - Downloading https://repo.maven.apache.org/maven2/org/springframework/boot/spring-boot-starter-web/1.5.3.RELEASE/spring-boot-starter-web-1.5.3.RELEASE.pom
2017-07-26 15:45:33,685 [Worker-47] INFO  o.e.m.c.i.e.AbstractTransferListenerAdapter - Downloaded https://repo.maven.apache.org/maven2/org/springframework/boot/spring-boot-starter-web/1.5.3.RELEASE/spring-boot-starter-web-1.5.3.RELEASE.pom
2017-07-26 15:45:33,712 [Worker-47] INFO  o.e.m.c.i.e.AbstractTransferListenerAdapter - Downloading https://repo.maven.apache.org/maven2/org/springframework/boot/spring-boot-starters/1.5.3.RELEASE/spring-boot-starters-1.5.3.RELEASE.pom
2017-07-26 15:45:33,742 [Worker-47] INFO  o.e.m.c.i.e.AbstractTransferListenerAdapter - Downloaded https://repo.maven.apache.org/maven2/org/springframework/boot/spring-boot-starters/1.5.3.RELEASE/spring-boot-starters-1.5.3.RELEASE.pom
2017-07-26 15:45:33,769 [Worker-47] INFO  o.e.m.c.i.e.AbstractTransferListenerAdapter - Downloading https://repo.maven.apache.org/maven2/org/springframework/boot/spring-boot-starter/1.5.3.RELEASE/spring-boot-starter-1.5.3.RELEASE.pom
2017-07-26 15:45:33,803 [Worker-47] INFO  o.e.m.c.i.e.AbstractTransferListenerAdapter - Downloaded https://repo.maven.apache.org/maven2/org/springframework/boot/spring-boot-starter/1.5.3.RELEASE/spring-boot-starter-1.5.3.RELEASE.pom
2017-07-26 15:45:33,856 [Worker-47] INFO  o.e.m.c.i.e.AbstractTransferListenerAdapter - Downloading https://repo.maven.apache.org/maven2/org/springframework/boot/spring-boot-starter-logging/1.5.3.RELEASE/spring-boot-starter-logging-1.5.3.RELEASE.pom
2017-07-26 15:45:33,887 [Worker-47] INFO  o.e.m.c.i.e.AbstractTransferListenerAdapter - Downloaded https://repo.maven.apache.org/maven2/org/springframework/boot/spring-boot-starter-logging/1.5.3.RELEASE/spring-boot-starter-logging-1.5.3.RELEASE.pom
2017-07-26 15:45:33,925 [Worker-47] INFO  o.e.m.c.i.e.AbstractTransferListenerAdapter - Downloading https://repo.maven.apache.org/maven2/org/slf4j/slf4j-api/1.7.25/slf4j-api-1.7.25.pom
2017-07-26 15:45:33,949 [Worker-47] INFO  o.e.m.c.i.e.AbstractTransferListenerAdapter - Downloaded https://repo.maven.apache.org/maven2/org/slf4j/slf4j-api/1.7.25/slf4j-api-1.7.25.pom
2017-07-26 15:45:33,969 [Worker-47] INFO  o.e.m.c.i.e.AbstractTransferListenerAdapter - Downloading https://repo.maven.apache.org/maven2/org/slf4j/slf4j-parent/1.7.25/slf4j-parent-1.7.25.pom
2017-07-26 15:45:34,001 [Worker-47] INFO  o.e.m.c.i.e.AbstractTransferListenerAdapter - Downloaded https://repo.maven.apache.org/maven2/org/slf4j/slf4j-parent/1.7.25/slf4j-parent-1.7.25.pom
2017-07-26 15:45:34,021 [Worker-47] INFO  o.e.m.c.i.e.AbstractTransferListenerAdapter - Downloading https://repo.maven.apache.org/maven2/org/slf4j/jcl-over-slf4j/1.7.25/jcl-over-slf4j-1.7.25.pom
2017-07-26 15:45:34,048 [Worker-47] INFO  o.e.m.c.i.e.AbstractTransferListenerAdapter - Downloaded https://repo.maven.apache.org/maven2/org/slf4j/jcl-over-slf4j/1.7.25/jcl-over-slf4j-1.7.25.pom
2017-07-26 15:45:34,069 [Worker-47] INFO  o.e.m.c.i.e.AbstractTransferListenerAdapter - Downloading https://repo.maven.apache.org/maven2/org/slf4j/jul-to-slf4j/1.7.25/jul-to-slf4j-1.7.25.pom
2017-07-26 15:45:34,097 [Worker-47] INFO  o.e.m.c.i.e.AbstractTransferListenerAdapter - Downloaded https://repo.maven.apache.org/maven2/org/slf4j/jul-to-slf4j/1.7.25/jul-to-slf4j-1.7.25.pom
2017-07-26 15:45:34,119 [Worker-47] INFO  o.e.m.c.i.e.AbstractTransferListenerAdapter - Downloading https://repo.maven.apache.org/maven2/org/slf4j/log4j-over-slf4j/1.7.25/log4j-over-slf4j-1.7.25.pom
2017-07-26 15:45:34,153 [Worker-47] INFO  o.e.m.c.i.e.AbstractTransferListenerAdapter - Downloaded https://repo.maven.apache.org/maven2/org/slf4j/log4j-over-slf4j/1.7.25/log4j-over-slf4j-1.7.25.pom
2017-07-26 15:45:34,179 [Worker-47] INFO  o.e.m.c.i.e.AbstractTransferListenerAdapter - Downloading https://repo.maven.apache.org/maven2/org/springframework/boot/spring-boot-starter-tomcat/1.5.3.RELEASE/spring-boot-starter-tomcat-1.5.3.RELEASE.pom
2017-07-26 15:45:34,206 [Worker-47] INFO  o.e.m.c.i.e.AbstractTransferListenerAdapter - Downloaded https://repo.maven.apache.org/maven2/org/springframework/boot/spring-boot-starter-tomcat/1.5.3.RELEASE/spring-boot-starter-tomcat-1.5.3.RELEASE.pom
2017-07-26 15:45:34,229 [Worker-47] INFO  o.e.m.c.i.e.AbstractTransferListenerAdapter - Downloading https://repo.maven.apache.org/maven2/org/apache/tomcat/embed/tomcat-embed-core/8.5.14/tomcat-embed-core-8.5.14.pom
2017-07-26 15:45:34,259 [Worker-47] INFO  o.e.m.c.i.e.AbstractTransferListenerAdapter - Downloaded https://repo.maven.apache.org/maven2/org/apache/tomcat/embed/tomcat-embed-core/8.5.14/tomcat-embed-core-8.5.14.pom
2017-07-26 15:45:34,280 [Worker-47] INFO  o.e.m.c.i.e.AbstractTransferListenerAdapter - Downloading https://repo.maven.apache.org/maven2/org/apache/tomcat/embed/tomcat-embed-el/8.5.14/tomcat-embed-el-8.5.14.pom
2017-07-26 15:45:34,307 [Worker-47] INFO  o.e.m.c.i.e.AbstractTransferListenerAdapter - Downloaded https://repo.maven.apache.org/maven2/org/apache/tomcat/embed/tomcat-embed-el/8.5.14/tomcat-embed-el-8.5.14.pom
2017-07-26 15:45:34,327 [Worker-47] INFO  o.e.m.c.i.e.AbstractTransferListenerAdapter - Downloading https://repo.maven.apache.org/maven2/org/apache/tomcat/embed/tomcat-embed-websocket/8.5.14/tomcat-embed-websocket-8.5.14.pom
2017-07-26 15:45:34,359 [Worker-47] INFO  o.e.m.c.i.e.AbstractTransferListenerAdapter - Downloaded https://repo.maven.apache.org/maven2/org/apache/tomcat/embed/tomcat-embed-websocket/8.5.14/tomcat-embed-websocket-8.5.14.pom
2017-07-26 15:45:34,380 [Worker-47] INFO  o.e.m.c.i.e.AbstractTransferListenerAdapter - Downloading https://repo.maven.apache.org/maven2/org/hibernate/hibernate-validator/5.3.5.Final/hibernate-validator-5.3.5.Final.pom
2017-07-26 15:45:34,418 [Worker-47] INFO  o.e.m.c.i.e.AbstractTransferListenerAdapter - Downloaded https://repo.maven.apache.org/maven2/org/hibernate/hibernate-validator/5.3.5.Final/hibernate-validator-5.3.5.Final.pom
2017-07-26 15:45:34,437 [Worker-47] INFO  o.e.m.c.i.e.AbstractTransferListenerAdapter - Downloading https://repo.maven.apache.org/maven2/org/hibernate/hibernate-validator-parent/5.3.5.Final/hibernate-validator-parent-5.3.5.Final.pom
2017-07-26 15:45:34,485 [Worker-47] INFO  o.e.m.c.i.e.AbstractTransferListenerAdapter - Downloaded https://repo.maven.apache.org/maven2/org/hibernate/hibernate-validator-parent/5.3.5.Final/hibernate-validator-parent-5.3.5.Final.pom
2017-07-26 15:45:34,520 [Worker-47] INFO  o.e.m.c.i.e.AbstractTransferListenerAdapter - Downloading https://repo.maven.apache.org/maven2/org/jboss/logging/jboss-logging/3.3.1.Final/jboss-logging-3.3.1.Final.pom
2017-07-26 15:45:34,546 [Worker-47] INFO  o.e.m.c.i.e.AbstractTransferListenerAdapter - Downloaded https://repo.maven.apache.org/maven2/org/jboss/logging/jboss-logging/3.3.1.Final/jboss-logging-3.3.1.Final.pom
2017-07-26 15:45:34,593 [Worker-47] INFO  o.e.m.c.i.e.AbstractTransferListenerAdapter - Downloading https://repo.maven.apache.org/maven2/org/springframework/spring-webmvc/4.3.8.RELEASE/spring-webmvc-4.3.8.RELEASE.pom
2017-07-26 15:45:34,627 [Worker-47] INFO  o.e.m.c.i.e.AbstractTransferListenerAdapter - Downloaded https://repo.maven.apache.org/maven2/org/springframework/spring-webmvc/4.3.8.RELEASE/spring-webmvc-4.3.8.RELEASE.pom
2017-07-26 15:45:34,647 [Worker-47] INFO  o.e.m.c.i.e.AbstractTransferListenerAdapter - Downloading https://repo.maven.apache.org/maven2/ch/qos/logback/logback-classic/1.2.3/logback-classic-1.2.3.pom
2017-07-26 15:45:34,681 [Worker-47] INFO  o.e.m.c.i.e.AbstractTransferListenerAdapter - Downloaded https://repo.maven.apache.org/maven2/ch/qos/logback/logback-classic/1.2.3/logback-classic-1.2.3.pom
2017-07-26 15:45:34,702 [Worker-47] INFO  o.e.m.c.i.e.AbstractTransferListenerAdapter - Downloading https://repo.maven.apache.org/maven2/ch/qos/logback/logback-parent/1.2.3/logback-parent-1.2.3.pom
2017-07-26 15:45:34,735 [Worker-47] INFO  o.e.m.c.i.e.AbstractTransferListenerAdapter - Downloaded https://repo.maven.apache.org/maven2/ch/qos/logback/logback-parent/1.2.3/logback-parent-1.2.3.pom
2017-07-26 15:45:34,808 [Worker-47] INFO  o.e.m.c.i.e.AbstractTransferListenerAdapter - Downloading https://repo.maven.apache.org/maven2/org/springframework/boot/spring-boot-starter-web/1.5.3.RELEASE/spring-boot-starter-web-1.5.3.RELEASE.jar
2017-07-26 15:45:34,835 [Worker-47] INFO  o.e.m.c.i.e.AbstractTransferListenerAdapter - Downloaded https://repo.maven.apache.org/maven2/org/springframework/boot/spring-boot-starter-web/1.5.3.RELEASE/spring-boot-starter-web-1.5.3.RELEASE.jar
2017-07-26 15:45:34,849 [Worker-47] INFO  o.e.m.c.i.e.AbstractTransferListenerAdapter - Downloading https://repo.maven.apache.org/maven2/org/springframework/boot/spring-boot-starter/1.5.3.RELEASE/spring-boot-starter-1.5.3.RELEASE.jar
2017-07-26 15:45:34,887 [Worker-47] INFO  o.e.m.c.i.e.AbstractTransferListenerAdapter - Downloaded https://repo.maven.apache.org/maven2/org/springframework/boot/spring-boot-starter/1.5.3.RELEASE/spring-boot-starter-1.5.3.RELEASE.jar
2017-07-26 15:45:34,900 [Worker-47] INFO  o.e.m.c.i.e.AbstractTransferListenerAdapter - Downloading https://repo.maven.apache.org/maven2/org/springframework/boot/spring-boot-starter-logging/1.5.3.RELEASE/spring-boot-starter-logging-1.5.3.RELEASE.jar
2017-07-26 15:45:34,926 [Worker-47] INFO  o.e.m.c.i.e.AbstractTransferListenerAdapter - Downloaded https://repo.maven.apache.org/maven2/org/springframework/boot/spring-boot-starter-logging/1.5.3.RELEASE/spring-boot-starter-logging-1.5.3.RELEASE.jar
2017-07-26 15:45:34,940 [Worker-47] INFO  o.e.m.c.i.e.AbstractTransferListenerAdapter - Downloading https://repo.maven.apache.org/maven2/org/slf4j/jul-to-slf4j/1.7.25/jul-to-slf4j-1.7.25.jar
2017-07-26 15:45:34,966 [Worker-47] INFO  o.e.m.c.i.e.AbstractTransferListenerAdapter - Downloaded https://repo.maven.apache.org/maven2/org/slf4j/jul-to-slf4j/1.7.25/jul-to-slf4j-1.7.25.jar
2017-07-26 15:45:34,980 [Worker-47] INFO  o.e.m.c.i.e.AbstractTransferListenerAdapter - Downloading https://repo.maven.apache.org/maven2/org/slf4j/log4j-over-slf4j/1.7.25/log4j-over-slf4j-1.7.25.jar
2017-07-26 15:45:35,026 [Worker-47] INFO  o.e.m.c.i.e.AbstractTransferListenerAdapter - Downloaded https://repo.maven.apache.org/maven2/org/slf4j/log4j-over-slf4j/1.7.25/log4j-over-slf4j-1.7.25.jar
2017-07-26 15:45:35,040 [Worker-47] INFO  o.e.m.c.i.e.AbstractTransferListenerAdapter - Downloading https://repo.maven.apache.org/maven2/org/springframework/boot/spring-boot-starter-tomcat/1.5.3.RELEASE/spring-boot-starter-tomcat-1.5.3.RELEASE.jar
2017-07-26 15:45:35,077 [Worker-47] INFO  o.e.m.c.i.e.AbstractTransferListenerAdapter - Downloaded https://repo.maven.apache.org/maven2/org/springframework/boot/spring-boot-starter-tomcat/1.5.3.RELEASE/spring-boot-starter-tomcat-1.5.3.RELEASE.jar
2017-07-26 15:45:35,114 [Worker-47] INFO  o.e.m.c.i.e.AbstractTransferListenerAdapter - Downloading https://repo.maven.apache.org/maven2/org/apache/tomcat/embed/tomcat-embed-core/8.5.14/tomcat-embed-core-8.5.14.jar
2017-07-26 15:45:35,635 [Worker-47] INFO  o.e.m.c.i.e.AbstractTransferListenerAdapter - Downloaded https://repo.maven.apache.org/maven2/org/apache/tomcat/embed/tomcat-embed-core/8.5.14/tomcat-embed-core-8.5.14.jar
2017-07-26 15:45:35,650 [Worker-47] INFO  o.e.m.c.i.e.AbstractTransferListenerAdapter - Downloading https://repo.maven.apache.org/maven2/org/apache/tomcat/embed/tomcat-embed-el/8.5.14/tomcat-embed-el-8.5.14.jar
2017-07-26 15:45:35,699 [Worker-47] INFO  o.e.m.c.i.e.AbstractTransferListenerAdapter - Downloaded https://repo.maven.apache.org/maven2/org/apache/tomcat/embed/tomcat-embed-el/8.5.14/tomcat-embed-el-8.5.14.jar
2017-07-26 15:45:35,715 [Worker-47] INFO  o.e.m.c.i.e.AbstractTransferListenerAdapter - Downloading https://repo.maven.apache.org/maven2/org/apache/tomcat/embed/tomcat-embed-websocket/8.5.14/tomcat-embed-websocket-8.5.14.jar
2017-07-26 15:45:35,763 [Worker-47] INFO  o.e.m.c.i.e.AbstractTransferListenerAdapter - Downloaded https://repo.maven.apache.org/maven2/org/apache/tomcat/embed/tomcat-embed-websocket/8.5.14/tomcat-embed-websocket-8.5.14.jar
2017-07-26 15:45:35,777 [Worker-47] INFO  o.e.m.c.i.e.AbstractTransferListenerAdapter - Downloading https://repo.maven.apache.org/maven2/org/hibernate/hibernate-validator/5.3.5.Final/hibernate-validator-5.3.5.Final.jar
2017-07-26 15:45:35,868 [Worker-47] INFO  o.e.m.c.i.e.AbstractTransferListenerAdapter - Downloaded https://repo.maven.apache.org/maven2/org/hibernate/hibernate-validator/5.3.5.Final/hibernate-validator-5.3.5.Final.jar
2017-07-26 15:45:35,882 [Worker-47] INFO  o.e.m.c.i.e.AbstractTransferListenerAdapter - Downloading https://repo.maven.apache.org/maven2/org/jboss/logging/jboss-logging/3.3.1.Final/jboss-logging-3.3.1.Final.jar
2017-07-26 15:45:35,908 [Worker-47] INFO  o.e.m.c.i.e.AbstractTransferListenerAdapter - Downloaded https://repo.maven.apache.org/maven2/org/jboss/logging/jboss-logging/3.3.1.Final/jboss-logging-3.3.1.Final.jar
2017-07-26 15:45:35,925 [Worker-47] INFO  o.e.m.c.i.e.AbstractTransferListenerAdapter - Downloading https://repo.maven.apache.org/maven2/org/springframework/spring-webmvc/4.3.8.RELEASE/spring-webmvc-4.3.8.RELEASE.jar
2017-07-26 15:45:36,039 [Worker-47] INFO  o.e.m.c.i.e.AbstractTransferListenerAdapter - Downloaded https://repo.maven.apache.org/maven2/org/springframework/spring-webmvc/4.3.8.RELEASE/spring-webmvc-4.3.8.RELEASE.jar
2017-07-26 15:45:36,052 [Worker-47] INFO  o.e.m.c.i.e.AbstractTransferListenerAdapter - Downloading https://repo.maven.apache.org/maven2/ch/qos/logback/logback-classic/1.2.3/logback-classic-1.2.3.jar
2017-07-26 15:45:36,104 [Worker-47] INFO  o.e.m.c.i.e.AbstractTransferListenerAdapter - Downloaded https://repo.maven.apache.org/maven2/ch/qos/logback/logback-classic/1.2.3/logback-classic-1.2.3.jar
2017-07-26 15:45:36,119 [Worker-47] INFO  o.e.m.c.i.e.AbstractTransferListenerAdapter - Downloading https://repo.maven.apache.org/maven2/org/slf4j/slf4j-api/1.7.25/slf4j-api-1.7.25.jar
2017-07-26 15:45:36,147 [Worker-47] INFO  o.e.m.c.i.e.AbstractTransferListenerAdapter - Downloaded https://repo.maven.apache.org/maven2/org/slf4j/slf4j-api/1.7.25/slf4j-api-1.7.25.jar
2017-07-26 15:45:36,162 [Worker-47] INFO  o.e.m.c.i.e.AbstractTransferListenerAdapter - Downloading https://repo.maven.apache.org/maven2/org/slf4j/jcl-over-slf4j/1.7.25/jcl-over-slf4j-1.7.25.jar
2017-07-26 15:45:36,186 [Worker-47] INFO  o.e.m.c.i.e.AbstractTransferListenerAdapter - Downloaded https://repo.maven.apache.org/maven2/org/slf4j/jcl-over-slf4j/1.7.25/jcl-over-slf4j-1.7.25.jar
2017-07-26 15:45:37,662 [Worker-47] INFO  o.e.m.j.i.AbstractJavaProjectConfigurator - Adding source folder /client_mock_server/src/main/java
2017-07-26 15:45:37,662 [Worker-47] INFO  o.e.m.j.i.AbstractJavaProjectConfigurator - Adding resource folder /client_mock_server/src/main/resources
2017-07-26 15:45:37,699 [Worker-47] INFO  o.e.m.j.i.AbstractJavaProjectConfigurator - Adding source folder /client_mock_server/src/test/java
2017-07-26 15:45:37,892 [Worker-47] INFO  o.e.m.c.i.p.ProjectConfigurationManager - Update completed: 5 sec
2017-07-26 15:45:37,894 [Worker-47] INFO  o.e.m.c.i.p.ProjectConfigurationManager - Update started
2017-07-26 15:45:38,130 [Worker-47] INFO  o.e.m.c.i.l.LifecycleMappingFactory - Using NULL lifecycle mapping for MavenProject: com.tru:tru-sso:0.0.1-SNAPSHOT @ C:\TRU\TRUDev\GIT_TRU_SSO\SSO\pom.xml.
2017-07-26 15:45:38,532 [Worker-47] INFO  o.e.m.c.i.l.LifecycleMappingFactory - Using org.eclipse.m2e.jdt.JarLifecycleMapping lifecycle mapping for MavenProject: com.tru:tru-sso-client-library:0.0.1-SNAPSHOT @ C:\TRU\TRUDev\GIT_TRU_SSO\SSO\cls_client\pom.xml.
2017-07-26 15:45:39,221 [Worker-47] INFO  o.e.m.c.i.l.LifecycleMappingFactory - Using org.eclipse.m2e.jdt.JarLifecycleMapping lifecycle mapping for MavenProject: com.tru:tru-sso-client-mock-server:0.0.1-SNAPSHOT @ C:\TRU\TRUDev\GIT_TRU_SSO\SSO\client_mock_server\pom.xml.
2017-07-26 15:45:39,539 [Worker-47] INFO  o.e.m.c.i.l.LifecycleMappingFactory - Using org.eclipse.m2e.jdt.JarLifecycleMapping lifecycle mapping for MavenProject: com.tru:tru-sso-common:0.0.1-SNAPSHOT @ C:\TRU\TRUDev\GIT_TRU_SSO\SSO\cls_common\pom.xml.
2017-07-26 15:45:39,654 [Worker-47] INFO  o.e.m.c.i.l.LifecycleMappingFactory - Using org.eclipse.m2e.jdt.JarLifecycleMapping lifecycle mapping for MavenProject: com.tru:tru-sso-server:0.0.1-SNAPSHOT @ C:\TRU\TRUDev\GIT_TRU_SSO\SSO\cls_server\pom.xml.
2017-07-26 15:45:39,774 [Worker-47] INFO  o.e.m.c.i.e.AbstractTransferListenerAdapter - Downloading https://repo.maven.apache.org/maven2/org/springframework/boot/spring-boot-starter-actuator/1.5.3.RELEASE/spring-boot-starter-actuator-1.5.3.RELEASE.pom
2017-07-26 15:45:39,812 [Worker-47] INFO  o.e.m.c.i.e.AbstractTransferListenerAdapter - Downloaded https://repo.maven.apache.org/maven2/org/springframework/boot/spring-boot-starter-actuator/1.5.3.RELEASE/spring-boot-starter-actuator-1.5.3.RELEASE.pom
2017-07-26 15:45:39,839 [Worker-47] INFO  o.e.m.c.i.e.AbstractTransferListenerAdapter - Downloading https://repo.maven.apache.org/maven2/org/springframework/boot/spring-boot-actuator/1.5.3.RELEASE/spring-boot-actuator-1.5.3.RELEASE.pom
2017-07-26 15:45:39,870 [Worker-47] INFO  o.e.m.c.i.e.AbstractTransferListenerAdapter - Downloaded https://repo.maven.apache.org/maven2/org/springframework/boot/spring-boot-actuator/1.5.3.RELEASE/spring-boot-actuator-1.5.3.RELEASE.pom
2017-07-26 15:45:39,896 [Worker-47] INFO  o.e.m.c.i.e.AbstractTransferListenerAdapter - Downloading https://repo.maven.apache.org/maven2/org/springframework/security/spring-security-web/4.2.2.RELEASE/spring-security-web-4.2.2.RELEASE.pom
2017-07-26 15:45:39,928 [Worker-47] INFO  o.e.m.c.i.e.AbstractTransferListenerAdapter - Downloaded https://repo.maven.apache.org/maven2/org/springframework/security/spring-security-web/4.2.2.RELEASE/spring-security-web-4.2.2.RELEASE.pom
2017-07-26 15:45:39,950 [Worker-47] INFO  o.e.m.c.i.e.AbstractTransferListenerAdapter - Downloading https://repo.maven.apache.org/maven2/org/springframework/spring-framework-bom/4.3.5.RELEASE/spring-framework-bom-4.3.5.RELEASE.pom
2017-07-26 15:45:39,980 [Worker-47] INFO  o.e.m.c.i.e.AbstractTransferListenerAdapter - Downloaded https://repo.maven.apache.org/maven2/org/springframework/spring-framework-bom/4.3.5.RELEASE/spring-framework-bom-4.3.5.RELEASE.pom
2017-07-26 15:45:40,008 [Worker-47] INFO  o.e.m.c.i.e.AbstractTransferListenerAdapter - Downloading https://repo.maven.apache.org/maven2/org/springframework/security/spring-security-core/4.2.2.RELEASE/spring-security-core-4.2.2.RELEASE.pom
2017-07-26 15:45:40,046 [Worker-47] INFO  o.e.m.c.i.e.AbstractTransferListenerAdapter - Downloaded https://repo.maven.apache.org/maven2/org/springframework/security/spring-security-core/4.2.2.RELEASE/spring-security-core-4.2.2.RELEASE.pom
2017-07-26 15:45:40,071 [Worker-47] INFO  o.e.m.c.i.e.AbstractTransferListenerAdapter - Downloading https://repo.maven.apache.org/maven2/org/apache/activemq/activemq-client/5.15.0/activemq-client-5.15.0.pom
2017-07-26 15:45:40,105 [Worker-47] INFO  o.e.m.c.i.e.AbstractTransferListenerAdapter - Downloaded https://repo.maven.apache.org/maven2/org/apache/activemq/activemq-client/5.15.0/activemq-client-5.15.0.pom
2017-07-26 15:45:40,127 [Worker-47] INFO  o.e.m.c.i.e.AbstractTransferListenerAdapter - Downloading https://repo.maven.apache.org/maven2/org/apache/activemq/activemq-parent/5.15.0/activemq-parent-5.15.0.pom
2017-07-26 15:45:40,174 [Worker-47] INFO  o.e.m.c.i.e.AbstractTransferListenerAdapter - Downloaded https://repo.maven.apache.org/maven2/org/apache/activemq/activemq-parent/5.15.0/activemq-parent-5.15.0.pom
2017-07-26 15:45:40,201 [Worker-47] INFO  o.e.m.c.i.e.AbstractTransferListenerAdapter - Downloading https://repo.maven.apache.org/maven2/org/apache/geronimo/specs/geronimo-jms_1.1_spec/1.1.1/geronimo-jms_1.1_spec-1.1.1.pom
2017-07-26 15:45:40,235 [Worker-47] INFO  o.e.m.c.i.e.AbstractTransferListenerAdapter - Downloaded https://repo.maven.apache.org/maven2/org/apache/geronimo/specs/geronimo-jms_1.1_spec/1.1.1/geronimo-jms_1.1_spec-1.1.1.pom
2017-07-26 15:45:40,258 [Worker-47] INFO  o.e.m.c.i.e.AbstractTransferListenerAdapter - Downloading https://repo.maven.apache.org/maven2/org/apache/geronimo/specs/specs/1.4/specs-1.4.pom
2017-07-26 15:45:40,291 [Worker-47] INFO  o.e.m.c.i.e.AbstractTransferListenerAdapter - Downloaded https://repo.maven.apache.org/maven2/org/apache/geronimo/specs/specs/1.4/specs-1.4.pom
2017-07-26 15:45:40,320 [Worker-47] INFO  o.e.m.c.i.e.AbstractTransferListenerAdapter - Downloading https://repo.maven.apache.org/maven2/org/apache/geronimo/genesis/config/project-config/1.2/project-config-1.2.pom
2017-07-26 15:45:40,354 [Worker-47] INFO  o.e.m.c.i.e.AbstractTransferListenerAdapter - Downloaded https://repo.maven.apache.org/maven2/org/apache/geronimo/genesis/config/project-config/1.2/project-config-1.2.pom
2017-07-26 15:45:40,374 [Worker-47] INFO  o.e.m.c.i.e.AbstractTransferListenerAdapter - Downloading https://repo.maven.apache.org/maven2/org/apache/geronimo/genesis/config/config/1.2/config-1.2.pom
2017-07-26 15:45:40,409 [Worker-47] INFO  o.e.m.c.i.e.AbstractTransferListenerAdapter - Downloaded https://repo.maven.apache.org/maven2/org/apache/geronimo/genesis/config/config/1.2/config-1.2.pom
2017-07-26 15:45:40,429 [Worker-47] INFO  o.e.m.c.i.e.AbstractTransferListenerAdapter - Downloading https://repo.maven.apache.org/maven2/org/apache/geronimo/genesis/genesis/1.2/genesis-1.2.pom
2017-07-26 15:45:40,460 [Worker-47] INFO  o.e.m.c.i.e.AbstractTransferListenerAdapter - Downloaded https://repo.maven.apache.org/maven2/org/apache/geronimo/genesis/genesis/1.2/genesis-1.2.pom
2017-07-26 15:45:40,483 [Worker-47] INFO  o.e.m.c.i.e.AbstractTransferListenerAdapter - Downloading https://repo.maven.apache.org/maven2/org/fusesource/hawtbuf/hawtbuf/1.11/hawtbuf-1.11.pom
2017-07-26 15:45:40,512 [Worker-47] INFO  o.e.m.c.i.e.AbstractTransferListenerAdapter - Downloaded https://repo.maven.apache.org/maven2/org/fusesource/hawtbuf/hawtbuf/1.11/hawtbuf-1.11.pom
2017-07-26 15:45:40,532 [Worker-47] INFO  o.e.m.c.i.e.AbstractTransferListenerAdapter - Downloading https://repo.maven.apache.org/maven2/org/fusesource/hawtbuf/hawtbuf-project/1.11/hawtbuf-project-1.11.pom
2017-07-26 15:45:40,563 [Worker-47] INFO  o.e.m.c.i.e.AbstractTransferListenerAdapter - Downloaded https://repo.maven.apache.org/maven2/org/fusesource/hawtbuf/hawtbuf-project/1.11/hawtbuf-project-1.11.pom
2017-07-26 15:45:40,582 [Worker-47] INFO  o.e.m.c.i.e.AbstractTransferListenerAdapter - Downloading https://repo.maven.apache.org/maven2/org/fusesource/fusesource-pom/1.10/fusesource-pom-1.10.pom
2017-07-26 15:45:40,613 [Worker-47] INFO  o.e.m.c.i.e.AbstractTransferListenerAdapter - Downloaded https://repo.maven.apache.org/maven2/org/fusesource/fusesource-pom/1.10/fusesource-pom-1.10.pom
2017-07-26 15:45:40,634 [Worker-47] INFO  o.e.m.c.i.e.AbstractTransferListenerAdapter - Downloading https://repo.maven.apache.org/maven2/org/apache/geronimo/specs/geronimo-j2ee-management_1.1_spec/1.0.1/geronimo-j2ee-management_1.1_spec-1.0.1.pom
2017-07-26 15:45:40,665 [Worker-47] INFO  o.e.m.c.i.e.AbstractTransferListenerAdapter - Downloaded https://repo.maven.apache.org/maven2/org/apache/geronimo/specs/geronimo-j2ee-management_1.1_spec/1.0.1/geronimo-j2ee-management_1.1_spec-1.0.1.pom
2017-07-26 15:45:40,686 [Worker-47] INFO  o.e.m.c.i.e.AbstractTransferListenerAdapter - Downloading https://repo.maven.apache.org/maven2/org/springframework/boot/spring-boot-starter-jdbc/1.5.3.RELEASE/spring-boot-starter-jdbc-1.5.3.RELEASE.pom
2017-07-26 15:45:40,718 [Worker-47] INFO  o.e.m.c.i.e.AbstractTransferListenerAdapter - Downloaded https://repo.maven.apache.org/maven2/org/springframework/boot/spring-boot-starter-jdbc/1.5.3.RELEASE/spring-boot-starter-jdbc-1.5.3.RELEASE.pom
2017-07-26 15:45:40,741 [Worker-47] INFO  o.e.m.c.i.e.AbstractTransferListenerAdapter - Downloading https://repo.maven.apache.org/maven2/org/apache/tomcat/tomcat-jdbc/8.5.14/tomcat-jdbc-8.5.14.pom
2017-07-26 15:45:40,770 [Worker-47] INFO  o.e.m.c.i.e.AbstractTransferListenerAdapter - Downloaded https://repo.maven.apache.org/maven2/org/apache/tomcat/tomcat-jdbc/8.5.14/tomcat-jdbc-8.5.14.pom
2017-07-26 15:45:40,790 [Worker-47] INFO  o.e.m.c.i.e.AbstractTransferListenerAdapter - Downloading https://repo.maven.apache.org/maven2/org/apache/tomcat/tomcat-juli/8.5.14/tomcat-juli-8.5.14.pom
2017-07-26 15:45:40,817 [Worker-47] INFO  o.e.m.c.i.e.AbstractTransferListenerAdapter - Downloaded https://repo.maven.apache.org/maven2/org/apache/tomcat/tomcat-juli/8.5.14/tomcat-juli-8.5.14.pom
2017-07-26 15:45:40,836 [Worker-47] INFO  o.e.m.c.i.e.AbstractTransferListenerAdapter - Downloading https://repo.maven.apache.org/maven2/org/springframework/spring-jdbc/4.3.8.RELEASE/spring-jdbc-4.3.8.RELEASE.pom
2017-07-26 15:45:40,865 [Worker-47] INFO  o.e.m.c.i.e.AbstractTransferListenerAdapter - Downloaded https://repo.maven.apache.org/maven2/org/springframework/spring-jdbc/4.3.8.RELEASE/spring-jdbc-4.3.8.RELEASE.pom
2017-07-26 15:45:40,887 [Worker-47] INFO  o.e.m.c.i.e.AbstractTransferListenerAdapter - Downloading https://repo.maven.apache.org/maven2/org/springframework/spring-tx/4.3.8.RELEASE/spring-tx-4.3.8.RELEASE.pom
2017-07-26 15:45:40,916 [Worker-47] INFO  o.e.m.c.i.e.AbstractTransferListenerAdapter - Downloaded https://repo.maven.apache.org/maven2/org/springframework/spring-tx/4.3.8.RELEASE/spring-tx-4.3.8.RELEASE.pom
2017-07-26 15:45:40,937 [Worker-47] INFO  o.e.m.c.i.e.AbstractTransferListenerAdapter - Downloading https://repo.maven.apache.org/maven2/org/mybatis/mybatis-typehandlers-jsr310/1.0.2/mybatis-typehandlers-jsr310-1.0.2.pom
2017-07-26 15:45:40,975 [Worker-47] INFO  o.e.m.c.i.e.AbstractTransferListenerAdapter - Downloaded https://repo.maven.apache.org/maven2/org/mybatis/mybatis-typehandlers-jsr310/1.0.2/mybatis-typehandlers-jsr310-1.0.2.pom
2017-07-26 15:45:40,995 [Worker-47] INFO  o.e.m.c.i.e.AbstractTransferListenerAdapter - Downloading https://repo.maven.apache.org/maven2/org/flywaydb/flyway-core/3.2.1/flyway-core-3.2.1.pom
2017-07-26 15:45:41,024 [Worker-47] INFO  o.e.m.c.i.e.AbstractTransferListenerAdapter - Downloaded https://repo.maven.apache.org/maven2/org/flywaydb/flyway-core/3.2.1/flyway-core-3.2.1.pom
2017-07-26 15:45:41,044 [Worker-47] INFO  o.e.m.c.i.e.AbstractTransferListenerAdapter - Downloading https://repo.maven.apache.org/maven2/org/flywaydb/flyway-parent/3.2.1/flyway-parent-3.2.1.pom
2017-07-26 15:45:41,075 [Worker-47] INFO  o.e.m.c.i.e.AbstractTransferListenerAdapter - Downloaded https://repo.maven.apache.org/maven2/org/flywaydb/flyway-parent/3.2.1/flyway-parent-3.2.1.pom
2017-07-26 15:45:41,096 [Worker-47] INFO  o.e.m.c.i.e.AbstractTransferListenerAdapter - Downloading https://repo.maven.apache.org/maven2/org/mockito/mockito-core/2.8.47/mockito-core-2.8.47.pom
2017-07-26 15:45:41,124 [Worker-47] INFO  o.e.m.c.i.e.AbstractTransferListenerAdapter - Downloaded https://repo.maven.apache.org/maven2/org/mockito/mockito-core/2.8.47/mockito-core-2.8.47.pom
2017-07-26 15:45:41,143 [Worker-47] INFO  o.e.m.c.i.e.AbstractTransferListenerAdapter - Downloading https://repo.maven.apache.org/maven2/net/bytebuddy/byte-buddy/1.6.14/byte-buddy-1.6.14.pom
2017-07-26 15:45:41,173 [Worker-47] INFO  o.e.m.c.i.e.AbstractTransferListenerAdapter - Downloaded https://repo.maven.apache.org/maven2/net/bytebuddy/byte-buddy/1.6.14/byte-buddy-1.6.14.pom
2017-07-26 15:45:41,191 [Worker-47] INFO  o.e.m.c.i.e.AbstractTransferListenerAdapter - Downloading https://repo.maven.apache.org/maven2/net/bytebuddy/byte-buddy-parent/1.6.14/byte-buddy-parent-1.6.14.pom
2017-07-26 15:45:41,220 [Worker-47] INFO  o.e.m.c.i.e.AbstractTransferListenerAdapter - Downloaded https://repo.maven.apache.org/maven2/net/bytebuddy/byte-buddy-parent/1.6.14/byte-buddy-parent-1.6.14.pom
2017-07-26 15:45:41,239 [Worker-47] INFO  o.e.m.c.i.e.AbstractTransferListenerAdapter - Downloading https://repo.maven.apache.org/maven2/net/bytebuddy/byte-buddy-agent/1.6.14/byte-buddy-agent-1.6.14.pom
2017-07-26 15:45:41,263 [Worker-47] INFO  o.e.m.c.i.e.AbstractTransferListenerAdapter - Downloaded https://repo.maven.apache.org/maven2/net/bytebuddy/byte-buddy-agent/1.6.14/byte-buddy-agent-1.6.14.pom
2017-07-26 15:45:41,342 [Worker-47] INFO  o.e.m.c.i.e.AbstractTransferListenerAdapter - Downloading https://repo.maven.apache.org/maven2/org/springframework/boot/spring-boot-starter-actuator/1.5.3.RELEASE/spring-boot-starter-actuator-1.5.3.RELEASE.jar
2017-07-26 15:45:41,368 [Worker-47] INFO  o.e.m.c.i.e.AbstractTransferListenerAdapter - Downloaded https://repo.maven.apache.org/maven2/org/springframework/boot/spring-boot-starter-actuator/1.5.3.RELEASE/spring-boot-starter-actuator-1.5.3.RELEASE.jar
2017-07-26 15:45:41,381 [Worker-47] INFO  o.e.m.c.i.e.AbstractTransferListenerAdapter - Downloading https://repo.maven.apache.org/maven2/org/springframework/boot/spring-boot-actuator/1.5.3.RELEASE/spring-boot-actuator-1.5.3.RELEASE.jar
2017-07-26 15:45:41,509 [Worker-47] INFO  o.e.m.c.i.e.AbstractTransferListenerAdapter - Downloaded https://repo.maven.apache.org/maven2/org/springframework/boot/spring-boot-actuator/1.5.3.RELEASE/spring-boot-actuator-1.5.3.RELEASE.jar
2017-07-26 15:45:41,524 [Worker-47] INFO  o.e.m.c.i.e.AbstractTransferListenerAdapter - Downloading https://repo.maven.apache.org/maven2/org/springframework/security/spring-security-web/4.2.2.RELEASE/spring-security-web-4.2.2.RELEASE.jar
2017-07-26 15:45:41,598 [Worker-47] INFO  o.e.m.c.i.e.AbstractTransferListenerAdapter - Downloaded https://repo.maven.apache.org/maven2/org/springframework/security/spring-security-web/4.2.2.RELEASE/spring-security-web-4.2.2.RELEASE.jar
2017-07-26 15:45:41,614 [Worker-47] INFO  o.e.m.c.i.e.AbstractTransferListenerAdapter - Downloading https://repo.maven.apache.org/maven2/org/springframework/security/spring-security-core/4.2.2.RELEASE/spring-security-core-4.2.2.RELEASE.jar
2017-07-26 15:45:41,682 [Worker-47] INFO  o.e.m.c.i.e.AbstractTransferListenerAdapter - Downloaded https://repo.maven.apache.org/maven2/org/springframework/security/spring-security-core/4.2.2.RELEASE/spring-security-core-4.2.2.RELEASE.jar
2017-07-26 15:45:41,700 [Worker-47] INFO  o.e.m.c.i.e.AbstractTransferListenerAdapter - Downloading https://repo.maven.apache.org/maven2/org/apache/activemq/activemq-client/5.15.0/activemq-client-5.15.0.jar
2017-07-26 15:45:41,869 [Worker-47] INFO  o.e.m.c.i.e.AbstractTransferListenerAdapter - Downloaded https://repo.maven.apache.org/maven2/org/apache/activemq/activemq-client/5.15.0/activemq-client-5.15.0.jar
2017-07-26 15:45:41,883 [Worker-47] INFO  o.e.m.c.i.e.AbstractTransferListenerAdapter - Downloading https://repo.maven.apache.org/maven2/org/apache/geronimo/specs/geronimo-jms_1.1_spec/1.1.1/geronimo-jms_1.1_spec-1.1.1.jar
2017-07-26 15:45:41,908 [Worker-47] INFO  o.e.m.c.i.e.AbstractTransferListenerAdapter - Downloaded https://repo.maven.apache.org/maven2/org/apache/geronimo/specs/geronimo-jms_1.1_spec/1.1.1/geronimo-jms_1.1_spec-1.1.1.jar
2017-07-26 15:45:41,922 [Worker-47] INFO  o.e.m.c.i.e.AbstractTransferListenerAdapter - Downloading https://repo.maven.apache.org/maven2/org/fusesource/hawtbuf/hawtbuf/1.11/hawtbuf-1.11.jar
2017-07-26 15:45:41,949 [Worker-47] INFO  o.e.m.c.i.e.AbstractTransferListenerAdapter - Downloaded https://repo.maven.apache.org/maven2/org/fusesource/hawtbuf/hawtbuf/1.11/hawtbuf-1.11.jar
2017-07-26 15:45:41,964 [Worker-47] INFO  o.e.m.c.i.e.AbstractTransferListenerAdapter - Downloading https://repo.maven.apache.org/maven2/org/apache/geronimo/specs/geronimo-j2ee-management_1.1_spec/1.0.1/geronimo-j2ee-management_1.1_spec-1.0.1.jar
2017-07-26 15:45:41,989 [Worker-47] INFO  o.e.m.c.i.e.AbstractTransferListenerAdapter - Downloaded https://repo.maven.apache.org/maven2/org/apache/geronimo/specs/geronimo-j2ee-management_1.1_spec/1.0.1/geronimo-j2ee-management_1.1_spec-1.0.1.jar
2017-07-26 15:45:42,004 [Worker-47] INFO  o.e.m.c.i.e.AbstractTransferListenerAdapter - Downloading https://repo.maven.apache.org/maven2/org/springframework/boot/spring-boot-starter-jdbc/1.5.3.RELEASE/spring-boot-starter-jdbc-1.5.3.RELEASE.jar
2017-07-26 15:45:42,030 [Worker-47] INFO  o.e.m.c.i.e.AbstractTransferListenerAdapter - Downloaded https://repo.maven.apache.org/maven2/org/springframework/boot/spring-boot-starter-jdbc/1.5.3.RELEASE/spring-boot-starter-jdbc-1.5.3.RELEASE.jar
2017-07-26 15:45:42,044 [Worker-47] INFO  o.e.m.c.i.e.AbstractTransferListenerAdapter - Downloading https://repo.maven.apache.org/maven2/org/apache/tomcat/tomcat-jdbc/8.5.14/tomcat-jdbc-8.5.14.jar
2017-07-26 15:45:42,081 [Worker-47] INFO  o.e.m.c.i.e.AbstractTransferListenerAdapter - Downloaded https://repo.maven.apache.org/maven2/org/apache/tomcat/tomcat-jdbc/8.5.14/tomcat-jdbc-8.5.14.jar
2017-07-26 15:45:42,095 [Worker-47] INFO  o.e.m.c.i.e.AbstractTransferListenerAdapter - Downloading https://repo.maven.apache.org/maven2/org/apache/tomcat/tomcat-juli/8.5.14/tomcat-juli-8.5.14.jar
2017-07-26 15:45:42,119 [Worker-47] INFO  o.e.m.c.i.e.AbstractTransferListenerAdapter - Downloaded https://repo.maven.apache.org/maven2/org/apache/tomcat/tomcat-juli/8.5.14/tomcat-juli-8.5.14.jar
2017-07-26 15:45:42,134 [Worker-47] INFO  o.e.m.c.i.e.AbstractTransferListenerAdapter - Downloading https://repo.maven.apache.org/maven2/org/springframework/spring-jdbc/4.3.8.RELEASE/spring-jdbc-4.3.8.RELEASE.jar
2017-07-26 15:45:42,196 [Worker-47] INFO  o.e.m.c.i.e.AbstractTransferListenerAdapter - Downloaded https://repo.maven.apache.org/maven2/org/springframework/spring-jdbc/4.3.8.RELEASE/spring-jdbc-4.3.8.RELEASE.jar
2017-07-26 15:45:42,210 [Worker-47] INFO  o.e.m.c.i.e.AbstractTransferListenerAdapter - Downloading https://repo.maven.apache.org/maven2/org/springframework/spring-tx/4.3.8.RELEASE/spring-tx-4.3.8.RELEASE.jar
2017-07-26 15:45:42,258 [Worker-47] INFO  o.e.m.c.i.e.AbstractTransferListenerAdapter - Downloaded https://repo.maven.apache.org/maven2/org/springframework/spring-tx/4.3.8.RELEASE/spring-tx-4.3.8.RELEASE.jar
2017-07-26 15:45:42,274 [Worker-47] INFO  o.e.m.c.i.e.AbstractTransferListenerAdapter - Downloading https://repo.maven.apache.org/maven2/org/mybatis/mybatis-typehandlers-jsr310/1.0.2/mybatis-typehandlers-jsr310-1.0.2.jar
2017-07-26 15:45:42,298 [Worker-47] INFO  o.e.m.c.i.e.AbstractTransferListenerAdapter - Downloaded https://repo.maven.apache.org/maven2/org/mybatis/mybatis-typehandlers-jsr310/1.0.2/mybatis-typehandlers-jsr310-1.0.2.jar
2017-07-26 15:45:42,313 [Worker-47] INFO  o.e.m.c.i.e.AbstractTransferListenerAdapter - Downloading https://repo.maven.apache.org/maven2/org/flywaydb/flyway-core/3.2.1/flyway-core-3.2.1.jar
2017-07-26 15:45:42,360 [Worker-47] INFO  o.e.m.c.i.e.AbstractTransferListenerAdapter - Downloaded https://repo.maven.apache.org/maven2/org/flywaydb/flyway-core/3.2.1/flyway-core-3.2.1.jar
2017-07-26 15:45:42,375 [Worker-47] INFO  o.e.m.c.i.e.AbstractTransferListenerAdapter - Downloading https://repo.maven.apache.org/maven2/org/mockito/mockito-core/2.8.47/mockito-core-2.8.47.jar
2017-07-26 15:45:42,448 [Worker-47] INFO  o.e.m.c.i.e.AbstractTransferListenerAdapter - Downloaded https://repo.maven.apache.org/maven2/org/mockito/mockito-core/2.8.47/mockito-core-2.8.47.jar
2017-07-26 15:45:42,465 [Worker-47] INFO  o.e.m.c.i.e.AbstractTransferListenerAdapter - Downloading https://repo.maven.apache.org/maven2/net/bytebuddy/byte-buddy/1.6.14/byte-buddy-1.6.14.jar
2017-07-26 15:45:42,756 [Worker-47] INFO  o.e.m.c.i.e.AbstractTransferListenerAdapter - Downloaded https://repo.maven.apache.org/maven2/net/bytebuddy/byte-buddy/1.6.14/byte-buddy-1.6.14.jar
2017-07-26 15:45:42,772 [Worker-47] INFO  o.e.m.c.i.e.AbstractTransferListenerAdapter - Downloading https://repo.maven.apache.org/maven2/net/bytebuddy/byte-buddy-agent/1.6.14/byte-buddy-agent-1.6.14.jar
2017-07-26 15:45:42,797 [Worker-47] INFO  o.e.m.c.i.e.AbstractTransferListenerAdapter - Downloaded https://repo.maven.apache.org/maven2/net/bytebuddy/byte-buddy-agent/1.6.14/byte-buddy-agent-1.6.14.jar
2017-07-26 15:45:44,708 [Worker-47] INFO  o.e.m.j.i.AbstractJavaProjectConfigurator - Adding source folder /SSO_cls_client/src/main/java
2017-07-26 15:45:44,728 [Worker-47] INFO  o.e.m.j.i.AbstractJavaProjectConfigurator - Adding source folder /SSO_cls_client/src/test/java
2017-07-26 15:45:44,729 [Worker-47] INFO  o.e.m.j.i.AbstractJavaProjectConfigurator - Adding resource folder /SSO_cls_client/src/test/resources
2017-07-26 15:45:44,934 [Worker-47] INFO  o.e.m.j.i.AbstractJavaProjectConfigurator - Adding source folder /client_mock_server/src/main/java
2017-07-26 15:45:44,935 [Worker-47] INFO  o.e.m.j.i.AbstractJavaProjectConfigurator - Adding resource folder /client_mock_server/src/main/resources
2017-07-26 15:45:44,936 [Worker-47] INFO  o.e.m.j.i.AbstractJavaProjectConfigurator - Adding source folder /client_mock_server/src/test/java
2017-07-26 15:45:45,174 [Worker-47] INFO  o.e.m.j.i.AbstractJavaProjectConfigurator - Adding source folder /cls_common/src/main/java
2017-07-26 15:45:45,175 [Worker-47] INFO  o.e.m.j.i.AbstractJavaProjectConfigurator - Adding source folder /cls_common/src/test/java
2017-07-26 15:45:45,457 [Worker-47] INFO  o.e.m.j.i.AbstractJavaProjectConfigurator - Adding source folder /cls_server/src/main/java
2017-07-26 15:45:45,458 [Worker-47] INFO  o.e.m.j.i.AbstractJavaProjectConfigurator - Adding resource folder /cls_server/src/main/resources
2017-07-26 15:45:45,489 [Worker-47] INFO  o.e.m.j.i.AbstractJavaProjectConfigurator - Adding source folder /cls_server/src/test/java
2017-07-26 15:45:45,490 [Worker-47] INFO  o.e.m.j.i.AbstractJavaProjectConfigurator - Adding resource folder /cls_server/src/test/resources
2017-07-26 15:45:46,370 [Worker-34] INFO  o.e.m.c.i.embedder.EclipseLogger - Using 'UTF-8' encoding to copy filtered resources.
2017-07-26 15:45:46,371 [Worker-34] INFO  o.e.m.c.i.embedder.EclipseLogger - skip non existing resourceDirectory C:\TRU\TRUDev\GIT_TRU_SSO\SSO\cls_client\src\main\resources
2017-07-26 15:45:46,378 [Worker-34] INFO  o.e.m.c.i.embedder.EclipseLogger - Not copying test resources
2017-07-26 15:45:46,399 [Worker-47] INFO  o.e.m.c.i.p.ProjectConfigurationManager - Update completed: 8 sec
2017-07-26 15:45:48,094 [Worker-46] INFO  o.e.m.c.i.embedder.EclipseLogger - Using 'UTF-8' encoding to copy filtered resources.
2017-07-26 15:45:48,095 [Worker-46] INFO  o.e.m.c.i.embedder.EclipseLogger - skip non existing resourceDirectory C:\TRU\TRUDev\GIT_TRU_SSO\SSO\cls_common\src\main\resources
2017-07-26 15:45:48,098 [Worker-46] INFO  o.e.m.c.i.embedder.EclipseLogger - Using 'UTF-8' encoding to copy filtered resources.
2017-07-26 15:45:48,099 [Worker-46] INFO  o.e.m.c.i.embedder.EclipseLogger - skip non existing resourceDirectory C:\TRU\TRUDev\GIT_TRU_SSO\SSO\cls_common\src\test\resources
2017-07-26 15:45:49,126 [Worker-46] INFO  o.e.m.c.i.embedder.EclipseLogger - Using 'UTF-8' encoding to copy filtered resources.
2017-07-26 15:45:49,127 [Worker-46] INFO  o.e.m.c.i.embedder.EclipseLogger - Copying 2 resources
2017-07-26 15:45:49,136 [Worker-46] INFO  o.e.m.c.i.embedder.EclipseLogger - Using 'UTF-8' encoding to copy filtered resources.
2017-07-26 15:45:49,136 [Worker-46] INFO  o.e.m.c.i.embedder.EclipseLogger - skip non existing resourceDirectory C:\TRU\TRUDev\GIT_TRU_SSO\SSO\client_mock_server\src\test\resources
2017-07-26 15:45:51,288 [Worker-46] INFO  o.e.m.c.i.e.AbstractTransferListenerAdapter - Downloading https://repo.maven.apache.org/maven2/org/springframework/boot/spring-boot-loader-tools/1.5.3.RELEASE/spring-boot-loader-tools-1.5.3.RELEASE.pom
2017-07-26 15:45:51,327 [Worker-46] INFO  o.e.m.c.i.e.AbstractTransferListenerAdapter - Downloaded https://repo.maven.apache.org/maven2/org/springframework/boot/spring-boot-loader-tools/1.5.3.RELEASE/spring-boot-loader-tools-1.5.3.RELEASE.pom
2017-07-26 15:45:52,358 [Worker-46] INFO  o.e.m.c.i.e.AbstractTransferListenerAdapter - Downloading https://repo.maven.apache.org/maven2/org/springframework/boot/spring-boot-loader-tools/1.5.3.RELEASE/spring-boot-loader-tools-1.5.3.RELEASE.jar
2017-07-26 15:45:52,456 [Worker-46] INFO  o.e.m.c.i.e.AbstractTransferListenerAdapter - Downloaded https://repo.maven.apache.org/maven2/org/springframework/boot/spring-boot-loader-tools/1.5.3.RELEASE/spring-boot-loader-tools-1.5.3.RELEASE.jar
2017-07-26 15:45:52,748 [Worker-46] INFO  o.e.m.c.i.embedder.EclipseLogger - Using 'UTF-8' encoding to copy filtered resources.
2017-07-26 15:45:52,749 [Worker-46] INFO  o.e.m.c.i.embedder.EclipseLogger - Copying 15 resources
2017-07-26 15:45:52,774 [Worker-46] INFO  o.e.m.c.i.embedder.EclipseLogger - Using 'UTF-8' encoding to copy filtered resources.
2017-07-26 15:45:52,775 [Worker-46] INFO  o.e.m.c.i.embedder.EclipseLogger - Copying 1 resource
2017-07-26 15:45:54,221 [Worker-46] INFO  o.e.m.c.i.embedder.EclipseLogger - Using 'UTF-8' encoding to copy filtered resources.
2017-07-26 15:45:54,221 [Worker-46] INFO  o.e.m.c.i.embedder.EclipseLogger - skip non existing resourceDirectory C:\TRU\TRUDev\GIT_TRU_SSO\SSO\cls_client\src\main\resources
2017-07-26 15:45:54,222 [Worker-46] INFO  o.e.m.c.i.embedder.EclipseLogger - Not copying test resources
2017-07-26 15:47:38,637 [Worker-43] INFO  o.e.m.c.i.l.LifecycleMappingFactory - Using NULL lifecycle mapping for MavenProject: com.tru:tru-sso:0.0.1-SNAPSHOT @ C:\TRU\TRUDev\GIT_TRU_SSO\SSO\pom.xml.
2017-07-26 15:47:38,948 [Worker-41] INFO  o.e.m.c.i.l.LifecycleMappingFactory - Using NULL lifecycle mapping for MavenProject: com.tru:tru-sso:0.0.1-SNAPSHOT @ C:\TRU\TRUDev\GIT_TRU_SSO\SSO\pom.xml.
2017-07-26 15:47:39,310 [Worker-43] INFO  o.e.m.c.i.l.LifecycleMappingFactory - Using org.eclipse.m2e.jdt.JarLifecycleMapping lifecycle mapping for MavenProject: com.tru:tru-sso-client-library:0.0.1-SNAPSHOT @ C:\TRU\TRUDev\GIT_TRU_SSO\SSO\cls_client\pom.xml.
2017-07-26 15:47:39,324 [Worker-43] WARN  o.e.m.c.i.embedder.EclipseLogger - The POM for com.tru:tru-sso-common:jar:0.0.1-SNAPSHOT is missing, no dependency information available
2017-07-26 15:47:39,953 [Worker-41] INFO  o.e.m.c.i.l.LifecycleMappingFactory - Using org.eclipse.m2e.jdt.JarLifecycleMapping lifecycle mapping for MavenProject: com.tru:tru-sso-client-library:0.0.1-SNAPSHOT @ C:\TRU\TRUDev\GIT_TRU_SSO\SSO\cls_client\pom.xml.
2017-07-26 15:47:39,955 [Worker-41] WARN  o.e.m.c.i.embedder.EclipseLogger - The POM for com.tru:tru-sso-common:jar:0.0.1-SNAPSHOT is missing, no dependency information available
2017-07-26 15:47:40,761 [Worker-41] INFO  o.e.m.c.i.embedder.EclipseLogger - Using 'UTF-8' encoding to copy filtered resources.
2017-07-26 15:47:40,761 [Worker-41] INFO  o.e.m.c.i.embedder.EclipseLogger - skip non existing resourceDirectory C:\TRU\TRUDev\GIT_TRU_SSO\SSO\cls_client\src\main\resources
2017-07-26 15:47:40,763 [Worker-41] INFO  o.e.m.c.i.embedder.EclipseLogger - Not copying test resources
2017-07-26 15:47:41,158 [Worker-37] INFO  o.e.m.c.i.l.LifecycleMappingFactory - Using org.eclipse.m2e.jdt.JarLifecycleMapping lifecycle mapping for MavenProject: com.tru:tru-sso-client-mock-server:0.0.1-SNAPSHOT @ C:\TRU\TRUDev\GIT_TRU_SSO\SSO\client_mock_server\pom.xml.
2017-07-26 15:47:41,162 [Worker-37] WARN  o.e.m.c.i.embedder.EclipseLogger - The POM for com.tru:tru-sso-common:jar:0.0.1-SNAPSHOT is missing, no dependency information available
2017-07-26 15:47:41,587 [Worker-37] INFO  o.e.m.c.i.embedder.EclipseLogger - Using 'UTF-8' encoding to copy filtered resources.
2017-07-26 15:47:41,591 [Worker-37] INFO  o.e.m.c.i.embedder.EclipseLogger - Copying 2 resources
2017-07-26 15:47:41,611 [Worker-37] INFO  o.e.m.c.i.embedder.EclipseLogger - Using 'UTF-8' encoding to copy filtered resources.
2017-07-26 15:47:41,611 [Worker-37] INFO  o.e.m.c.i.embedder.EclipseLogger - skip non existing resourceDirectory C:\TRU\TRUDev\GIT_TRU_SSO\SSO\client_mock_server\src\test\resources
2017-07-26 15:47:41,828 [Worker-41] INFO  o.e.m.c.i.l.LifecycleMappingFactory - Using NULL lifecycle mapping for MavenProject: com.tru:tru-sso:0.0.1-SNAPSHOT @ C:\TRU\TRUDev\GIT_TRU_SSO\SSO\pom.xml.
2017-07-26 15:47:42,173 [Worker-41] INFO  o.e.m.c.i.l.LifecycleMappingFactory - Using org.eclipse.m2e.jdt.JarLifecycleMapping lifecycle mapping for MavenProject: com.tru:tru-sso-client-library:0.0.1-SNAPSHOT @ C:\TRU\TRUDev\GIT_TRU_SSO\SSO\cls_client\pom.xml.
2017-07-26 15:47:42,175 [Worker-41] WARN  o.e.m.c.i.embedder.EclipseLogger - The POM for com.tru:tru-sso-common:jar:0.0.1-SNAPSHOT is missing, no dependency information available
2017-07-26 15:47:42,219 [Worker-37] INFO  o.e.m.c.i.l.LifecycleMappingFactory - Using org.eclipse.m2e.jdt.JarLifecycleMapping lifecycle mapping for MavenProject: com.tru:tru-sso-common:0.0.1-SNAPSHOT @ C:\TRU\TRUDev\GIT_TRU_SSO\SSO\cls_common\pom.xml.
2017-07-26 15:47:42,730 [Worker-37] INFO  o.e.m.c.i.l.LifecycleMappingFactory - Using org.eclipse.m2e.jdt.JarLifecycleMapping lifecycle mapping for MavenProject: com.tru:tru-sso-client-library:0.0.1-SNAPSHOT @ C:\TRU\TRUDev\GIT_TRU_SSO\SSO\cls_client\pom.xml.
2017-07-26 15:47:43,365 [Worker-37] INFO  o.e.m.c.i.l.LifecycleMappingFactory - Using org.eclipse.m2e.jdt.JarLifecycleMapping lifecycle mapping for MavenProject: com.tru:tru-sso-client-mock-server:0.0.1-SNAPSHOT @ C:\TRU\TRUDev\GIT_TRU_SSO\SSO\client_mock_server\pom.xml.
2017-07-26 15:47:43,781 [Worker-37] INFO  o.e.m.c.i.embedder.EclipseLogger - Using 'UTF-8' encoding to copy filtered resources.
2017-07-26 15:47:43,782 [Worker-37] INFO  o.e.m.c.i.embedder.EclipseLogger - skip non existing resourceDirectory C:\TRU\TRUDev\GIT_TRU_SSO\SSO\cls_common\src\main\resources
2017-07-26 15:47:43,784 [Worker-37] INFO  o.e.m.c.i.embedder.EclipseLogger - Using 'UTF-8' encoding to copy filtered resources.
2017-07-26 15:47:43,784 [Worker-37] INFO  o.e.m.c.i.embedder.EclipseLogger - skip non existing resourceDirectory C:\TRU\TRUDev\GIT_TRU_SSO\SSO\cls_common\src\test\resources
2017-07-26 15:47:44,843 [Worker-47] INFO  o.e.m.c.i.l.LifecycleMappingFactory - Using NULL lifecycle mapping for MavenProject: com.tru:tru-sso:0.0.1-SNAPSHOT @ C:\TRU\TRUDev\GIT_TRU_SSO\SSO\pom.xml.
2017-07-26 15:47:44,950 [Worker-47] INFO  o.e.m.c.i.l.LifecycleMappingFactory - Using org.eclipse.m2e.jdt.JarLifecycleMapping lifecycle mapping for MavenProject: com.tru:tru-sso-client-library:0.0.1-SNAPSHOT @ C:\TRU\TRUDev\GIT_TRU_SSO\SSO\cls_client\pom.xml.
2017-07-26 15:47:45,138 [Worker-38] INFO  o.e.m.c.i.embedder.EclipseLogger - Using 'UTF-8' encoding to copy filtered resources.
2017-07-26 15:47:45,138 [Worker-38] INFO  o.e.m.c.i.embedder.EclipseLogger - skip non existing resourceDirectory C:\TRU\TRUDev\GIT_TRU_SSO\SSO\cls_client\src\main\resources
2017-07-26 15:47:45,140 [Worker-38] INFO  o.e.m.c.i.embedder.EclipseLogger - Not copying test resources
2017-07-26 15:47:46,100 [Worker-45] INFO  o.e.m.c.i.embedder.EclipseLogger - Using 'UTF-8' encoding to copy filtered resources.
2017-07-26 15:47:46,103 [Worker-45] INFO  o.e.m.c.i.embedder.EclipseLogger - skip non existing resourceDirectory C:\TRU\TRUDev\GIT_TRU_SSO\SSO\cls_client\src\main\resources
2017-07-26 15:47:46,113 [Worker-45] INFO  o.e.m.c.i.embedder.EclipseLogger - Not copying test resources
2017-07-26 15:47:46,330 [Worker-45] INFO  o.e.m.c.i.embedder.EclipseLogger - Using 'UTF-8' encoding to copy filtered resources.
2017-07-26 15:47:46,336 [Worker-45] INFO  o.e.m.c.i.embedder.EclipseLogger - Copying 2 resources
2017-07-26 15:47:46,341 [Worker-45] INFO  o.e.m.c.i.embedder.EclipseLogger - Using 'UTF-8' encoding to copy filtered resources.
2017-07-26 15:47:46,342 [Worker-45] INFO  o.e.m.c.i.embedder.EclipseLogger - skip non existing resourceDirectory C:\TRU\TRUDev\GIT_TRU_SSO\SSO\client_mock_server\src\test\resources
2017-07-26 15:47:46,741 [Worker-45] INFO  o.e.m.c.i.embedder.EclipseLogger - Using 'UTF-8' encoding to copy filtered resources.
2017-07-26 15:47:46,741 [Worker-45] INFO  o.e.m.c.i.embedder.EclipseLogger - skip non existing resourceDirectory C:\TRU\TRUDev\GIT_TRU_SSO\SSO\cls_common\src\main\resources
2017-07-26 15:47:46,743 [Worker-45] INFO  o.e.m.c.i.embedder.EclipseLogger - Using 'UTF-8' encoding to copy filtered resources.
2017-07-26 15:47:46,743 [Worker-45] INFO  o.e.m.c.i.embedder.EclipseLogger - skip non existing resourceDirectory C:\TRU\TRUDev\GIT_TRU_SSO\SSO\cls_common\src\test\resources
2017-07-26 15:47:47,396 [Worker-45] INFO  o.e.m.c.i.l.LifecycleMappingFactory - Using org.eclipse.m2e.jdt.JarLifecycleMapping lifecycle mapping for MavenProject: com.tru:tru-sso-server:0.0.1-SNAPSHOT @ C:\TRU\TRUDev\GIT_TRU_SSO\SSO\cls_server\pom.xml.
2017-07-26 15:47:48,413 [Worker-45] INFO  o.e.m.c.i.embedder.EclipseLogger - Using 'UTF-8' encoding to copy filtered resources.
2017-07-26 15:47:48,414 [Worker-45] INFO  o.e.m.c.i.embedder.EclipseLogger - Copying 15 resources
2017-07-26 15:47:48,445 [Worker-45] INFO  o.e.m.c.i.embedder.EclipseLogger - Using 'UTF-8' encoding to copy filtered resources.
2017-07-26 15:47:48,446 [Worker-45] INFO  o.e.m.c.i.embedder.EclipseLogger - Copying 1 resource
2017-07-26 15:47:50,963 [Worker-34] INFO  o.e.m.c.i.embedder.EclipseLogger - Using 'UTF-8' encoding to copy filtered resources.
2017-07-26 15:47:50,967 [Worker-34] INFO  o.e.m.c.i.embedder.EclipseLogger - Copying 15 resources
2017-07-26 15:47:50,998 [Worker-34] INFO  o.e.m.c.i.embedder.EclipseLogger - Using 'UTF-8' encoding to copy filtered resources.
2017-07-26 15:47:51,001 [Worker-34] INFO  o.e.m.c.i.embedder.EclipseLogger - Copying 1 resource
2017-07-26 15:49:46,797 [Worker-47] INFO  o.e.m.c.i.l.LifecycleMappingFactory - Using NULL lifecycle mapping for MavenProject: com.tru:tru-sso:0.0.1-SNAPSHOT @ C:\TRU\TRUDev\GIT_TRU_SSO\SSO\pom.xml.
2017-07-26 15:50:08,426 [Worker-34] INFO  o.e.m.i.launch.MavenLaunchDelegate - C:\TRU\TRUDev\GIT_TRU_SSO\SSO\cls_client
2017-07-26 15:50:08,426 [Worker-34] INFO  o.e.m.i.launch.MavenLaunchDelegate -  mvn -B test
2017-07-26 15:50:34,783 [Worker-47] INFO  o.e.m.i.launch.MavenLaunchDelegate - C:\TRU\TRUDev\GIT_TRU_SSO\SSO\cls_client
2017-07-26 15:50:34,783 [Worker-47] INFO  o.e.m.i.launch.MavenLaunchDelegate -  mvn -B generate-sources
2017-07-26 15:50:42,646 [Worker-34] INFO  o.e.m.i.launch.MavenLaunchDelegate - C:\TRU\TRUDev\GIT_TRU_SSO\SSO\cls_client
2017-07-26 15:50:42,647 [Worker-34] INFO  o.e.m.i.launch.MavenLaunchDelegate -  mvn -B test
2017-07-26 15:51:16,300 [main] INFO  o.e.m2e.actions.ExecutePomAction - Creating new launch configuration
2017-07-26 15:51:33,189 [main] INFO  o.e.m2e.actions.ExecutePomAction - Creating new launch configuration
2017-07-26 15:51:46,300 [main] INFO  o.e.m2e.actions.ExecutePomAction - Creating new launch configuration
2017-07-26 15:51:52,849 [Worker-44] INFO  o.e.m.i.launch.MavenLaunchDelegate - C:\TRU\TRUDev\GIT_TRU_SSO\SSO
2017-07-26 15:51:52,849 [Worker-44] INFO  o.e.m.i.launch.MavenLaunchDelegate -  mvn -B build
2017-07-26 15:52:22,645 [Worker-42] INFO  o.e.m.i.launch.MavenLaunchDelegate - C:\TRU\TRUDev\GIT_TRU_SSO\SSO
2017-07-26 15:52:22,645 [Worker-42] INFO  o.e.m.i.launch.MavenLaunchDelegate -  mvn -B generate-sources
2017-07-26 15:52:45,375 [Worker-45] INFO  o.e.m.i.launch.MavenLaunchDelegate - C:\TRU\TRUDev\GIT_TRU_SSO\SSO\cls_client
2017-07-26 15:52:45,375 [Worker-45] INFO  o.e.m.i.launch.MavenLaunchDelegate -  mvn -B test
2017-07-31 12:03:43,810 [Worker-3] INFO  c.g.t.t.d.PublishedGradleVersions - Gradle version information cache is up-to-date. Trying to read.
2017-07-31 12:05:22,647 [Worker-2] INFO  o.e.m.c.i.l.LifecycleMappingFactory - Using NULL lifecycle mapping for MavenProject: com.tru:tru-sso:0.0.1-SNAPSHOT @ C:\TRU\SSO\CLS\cls_client\pom.xml.
2017-07-31 12:05:36,621 [main] INFO  o.e.m2e.actions.ExecutePomAction - Creating new launch configuration
2017-07-31 12:05:41,127 [Worker-14] INFO  o.e.m.i.launch.MavenLaunchDelegate - C:\TRU\SSO\CLS\cls_client
2017-07-31 12:05:41,128 [Worker-14] INFO  o.e.m.i.launch.MavenLaunchDelegate -  mvn -B 
2017-07-31 12:05:56,448 [Worker-3] INFO  o.e.m.i.launch.MavenLaunchDelegate - C:\TRU\SSO\CLS\cls_client\cls_client
2017-07-31 12:05:56,448 [Worker-3] INFO  o.e.m.i.launch.MavenLaunchDelegate -  mvn -B test
2017-07-31 12:06:33,756 [Worker-4] INFO  o.e.m.i.launch.MavenLaunchDelegate - C:\TRU\SSO\CLS\cls_client
2017-07-31 12:06:33,756 [Worker-4] INFO  o.e.m.i.launch.MavenLaunchDelegate -  mvn -B test
2017-08-03 17:16:07,552 [Worker-1] INFO  c.g.t.t.d.PublishedGradleVersions - Gradle version information cache is up-to-date. Trying to read.
2017-08-03 17:16:36,895 [Worker-3] INFO  o.e.m.i.launch.MavenLaunchDelegate - C:\TRU\SSO\CLS\cls_client
2017-08-03 17:16:36,897 [Worker-3] INFO  o.e.m.i.launch.MavenLaunchDelegate -  mvn -B test
2017-08-03 17:33:03,844 [Worker-22] INFO  o.e.m.c.i.l.LifecycleMappingFactory - Using NULL lifecycle mapping for MavenProject: com.tru:tru-sso:0.0.1-SNAPSHOT @ C:\TRU\SSO\CLS\cls_client\pom.xml.
